[2021-11-13 01:21:15] local.ERROR: SQLSTATE[23000]: Integrity constraint violation: 19 UNIQUE constraint failed: series.nome (SQL: insert into "series" ("nome") values (Dragon Boll Z)) {"exception":"[object] (Illuminate\\Database\\QueryException(code: 23000): SQLSTATE[23000]: Integrity constraint violation: 19 UNIQUE constraint failed: series.nome (SQL: insert into \"series\" (\"nome\") values (Dragon Boll Z)) at C:\\Users\\claud\\OneDrive\\Documentos\\Alura PHP\\api-series\\vendor\\illuminate\\database\\Connection.php:703)
[stacktrace]
#0 C:\\Users\\claud\\OneDrive\\Documentos\\Alura PHP\\api-series\\vendor\\illuminate\\database\\Connection.php(663): Illuminate\\Database\\Connection->runQueryCallback()
#1 C:\\Users\\claud\\OneDrive\\Documentos\\Alura PHP\\api-series\\vendor\\illuminate\\database\\Connection.php(493): Illuminate\\Database\\Connection->run()
#2 C:\\Users\\claud\\OneDrive\\Documentos\\Alura PHP\\api-series\\vendor\\illuminate\\database\\Connection.php(445): Illuminate\\Database\\Connection->statement()
#3 C:\\Users\\claud\\OneDrive\\Documentos\\Alura PHP\\api-series\\vendor\\illuminate\\database\\Query\\Processors\\Processor.php(32): Illuminate\\Database\\Connection->insert()
#4 C:\\Users\\claud\\OneDrive\\Documentos\\Alura PHP\\api-series\\vendor\\illuminate\\database\\Query\\Builder.php(2965): Illuminate\\Database\\Query\\Processors\\Processor->processInsertGetId()
#5 C:\\Users\\claud\\OneDrive\\Documentos\\Alura PHP\\api-series\\vendor\\illuminate\\database\\Eloquent\\Builder.php(1641): Illuminate\\Database\\Query\\Builder->insertGetId()
#6 C:\\Users\\claud\\OneDrive\\Documentos\\Alura PHP\\api-series\\vendor\\illuminate\\database\\Eloquent\\Model.php(1188): Illuminate\\Database\\Eloquent\\Builder->__call()
#7 C:\\Users\\claud\\OneDrive\\Documentos\\Alura PHP\\api-series\\vendor\\illuminate\\database\\Eloquent\\Model.php(1153): Illuminate\\Database\\Eloquent\\Model->insertAndSetId()
#8 C:\\Users\\claud\\OneDrive\\Documentos\\Alura PHP\\api-series\\vendor\\illuminate\\database\\Eloquent\\Model.php(994): Illuminate\\Database\\Eloquent\\Model->performInsert()
#9 C:\\Users\\claud\\OneDrive\\Documentos\\Alura PHP\\api-series\\vendor\\illuminate\\database\\Eloquent\\Builder.php(884): Illuminate\\Database\\Eloquent\\Model->save()
#10 C:\\Users\\claud\\OneDrive\\Documentos\\Alura PHP\\api-series\\vendor\\illuminate\\support\\helpers.php(263): Illuminate\\Database\\Eloquent\\Builder->Illuminate\\Database\\Eloquent\\{closure}()
#11 C:\\Users\\claud\\OneDrive\\Documentos\\Alura PHP\\api-series\\vendor\\illuminate\\database\\Eloquent\\Builder.php(885): tap()
#12 C:\\Users\\claud\\OneDrive\\Documentos\\Alura PHP\\api-series\\vendor\\illuminate\\support\\Traits\\ForwardsCalls.php(23): Illuminate\\Database\\Eloquent\\Builder->create()
#13 C:\\Users\\claud\\OneDrive\\Documentos\\Alura PHP\\api-series\\vendor\\illuminate\\database\\Eloquent\\Model.php(2117): Illuminate\\Database\\Eloquent\\Model->forwardCallTo()
#14 C:\\Users\\claud\\OneDrive\\Documentos\\Alura PHP\\api-series\\vendor\\illuminate\\database\\Eloquent\\Model.php(2129): Illuminate\\Database\\Eloquent\\Model->__call()
#15 C:\\Users\\claud\\OneDrive\\Documentos\\Alura PHP\\api-series\\app\\Http\\Controllers\\BaseController.php(18): Illuminate\\Database\\Eloquent\\Model::__callStatic()
#16 C:\\Users\\claud\\OneDrive\\Documentos\\Alura PHP\\api-series\\vendor\\illuminate\\container\\BoundMethod.php(36): App\\Http\\Controllers\\BaseController->store()
#17 C:\\Users\\claud\\OneDrive\\Documentos\\Alura PHP\\api-series\\vendor\\illuminate\\container\\Util.php(40): Illuminate\\Container\\BoundMethod::Illuminate\\Container\\{closure}()
#18 C:\\Users\\claud\\OneDrive\\Documentos\\Alura PHP\\api-series\\vendor\\illuminate\\container\\BoundMethod.php(93): Illuminate\\Container\\Util::unwrapIfClosure()
#19 C:\\Users\\claud\\OneDrive\\Documentos\\Alura PHP\\api-series\\vendor\\illuminate\\container\\BoundMethod.php(37): Illuminate\\Container\\BoundMethod::callBoundMethod()
#20 C:\\Users\\claud\\OneDrive\\Documentos\\Alura PHP\\api-series\\vendor\\illuminate\\container\\Container.php(653): Illuminate\\Container\\BoundMethod::call()
#21 C:\\Users\\claud\\OneDrive\\Documentos\\Alura PHP\\api-series\\vendor\\laravel\\lumen-framework\\src\\Concerns\\RoutesRequests.php(389): Illuminate\\Container\\Container->call()
#22 C:\\Users\\claud\\OneDrive\\Documentos\\Alura PHP\\api-series\\vendor\\laravel\\lumen-framework\\src\\Concerns\\RoutesRequests.php(355): Laravel\\Lumen\\Application->callControllerCallable()
#23 C:\\Users\\claud\\OneDrive\\Documentos\\Alura PHP\\api-series\\vendor\\laravel\\lumen-framework\\src\\Concerns\\RoutesRequests.php(329): Laravel\\Lumen\\Application->callLumenController()
#24 C:\\Users\\claud\\OneDrive\\Documentos\\Alura PHP\\api-series\\vendor\\laravel\\lumen-framework\\src\\Concerns\\RoutesRequests.php(282): Laravel\\Lumen\\Application->callControllerAction()
#25 C:\\Users\\claud\\OneDrive\\Documentos\\Alura PHP\\api-series\\vendor\\laravel\\lumen-framework\\src\\Concerns\\RoutesRequests.php(267): Laravel\\Lumen\\Application->callActionOnArrayBasedRoute()
#26 C:\\Users\\claud\\OneDrive\\Documentos\\Alura PHP\\api-series\\vendor\\laravel\\lumen-framework\\src\\Concerns\\RoutesRequests.php(169): Laravel\\Lumen\\Application->handleFoundRoute()
#27 C:\\Users\\claud\\OneDrive\\Documentos\\Alura PHP\\api-series\\vendor\\laravel\\lumen-framework\\src\\Concerns\\RoutesRequests.php(429): Laravel\\Lumen\\Application->Laravel\\Lumen\\Concerns\\{closure}()
#28 C:\\Users\\claud\\OneDrive\\Documentos\\Alura PHP\\api-series\\vendor\\laravel\\lumen-framework\\src\\Concerns\\RoutesRequests.php(175): Laravel\\Lumen\\Application->sendThroughPipeline()
#29 C:\\Users\\claud\\OneDrive\\Documentos\\Alura PHP\\api-series\\vendor\\laravel\\lumen-framework\\src\\Concerns\\RoutesRequests.php(112): Laravel\\Lumen\\Application->dispatch()
#30 C:\\Users\\claud\\OneDrive\\Documentos\\Alura PHP\\api-series\\public\\index.php(28): Laravel\\Lumen\\Application->run()
#31 {main}

[previous exception] [object] (PDOException(code: 23000): SQLSTATE[23000]: Integrity constraint violation: 19 UNIQUE constraint failed: series.nome at C:\\Users\\claud\\OneDrive\\Documentos\\Alura PHP\\api-series\\vendor\\illuminate\\database\\Connection.php:492)
[stacktrace]
#0 C:\\Users\\claud\\OneDrive\\Documentos\\Alura PHP\\api-series\\vendor\\illuminate\\database\\Connection.php(492): PDOStatement->execute()
#1 C:\\Users\\claud\\OneDrive\\Documentos\\Alura PHP\\api-series\\vendor\\illuminate\\database\\Connection.php(696): Illuminate\\Database\\Connection->Illuminate\\Database\\{closure}()
#2 C:\\Users\\claud\\OneDrive\\Documentos\\Alura PHP\\api-series\\vendor\\illuminate\\database\\Connection.php(663): Illuminate\\Database\\Connection->runQueryCallback()
#3 C:\\Users\\claud\\OneDrive\\Documentos\\Alura PHP\\api-series\\vendor\\illuminate\\database\\Connection.php(493): Illuminate\\Database\\Connection->run()
#4 C:\\Users\\claud\\OneDrive\\Documentos\\Alura PHP\\api-series\\vendor\\illuminate\\database\\Connection.php(445): Illuminate\\Database\\Connection->statement()
#5 C:\\Users\\claud\\OneDrive\\Documentos\\Alura PHP\\api-series\\vendor\\illuminate\\database\\Query\\Processors\\Processor.php(32): Illuminate\\Database\\Connection->insert()
#6 C:\\Users\\claud\\OneDrive\\Documentos\\Alura PHP\\api-series\\vendor\\illuminate\\database\\Query\\Builder.php(2965): Illuminate\\Database\\Query\\Processors\\Processor->processInsertGetId()
#7 C:\\Users\\claud\\OneDrive\\Documentos\\Alura PHP\\api-series\\vendor\\illuminate\\database\\Eloquent\\Builder.php(1641): Illuminate\\Database\\Query\\Builder->insertGetId()
#8 C:\\Users\\claud\\OneDrive\\Documentos\\Alura PHP\\api-series\\vendor\\illuminate\\database\\Eloquent\\Model.php(1188): Illuminate\\Database\\Eloquent\\Builder->__call()
#9 C:\\Users\\claud\\OneDrive\\Documentos\\Alura PHP\\api-series\\vendor\\illuminate\\database\\Eloquent\\Model.php(1153): Illuminate\\Database\\Eloquent\\Model->insertAndSetId()
#10 C:\\Users\\claud\\OneDrive\\Documentos\\Alura PHP\\api-series\\vendor\\illuminate\\database\\Eloquent\\Model.php(994): Illuminate\\Database\\Eloquent\\Model->performInsert()
#11 C:\\Users\\claud\\OneDrive\\Documentos\\Alura PHP\\api-series\\vendor\\illuminate\\database\\Eloquent\\Builder.php(884): Illuminate\\Database\\Eloquent\\Model->save()
#12 C:\\Users\\claud\\OneDrive\\Documentos\\Alura PHP\\api-series\\vendor\\illuminate\\support\\helpers.php(263): Illuminate\\Database\\Eloquent\\Builder->Illuminate\\Database\\Eloquent\\{closure}()
#13 C:\\Users\\claud\\OneDrive\\Documentos\\Alura PHP\\api-series\\vendor\\illuminate\\database\\Eloquent\\Builder.php(885): tap()
#14 C:\\Users\\claud\\OneDrive\\Documentos\\Alura PHP\\api-series\\vendor\\illuminate\\support\\Traits\\ForwardsCalls.php(23): Illuminate\\Database\\Eloquent\\Builder->create()
#15 C:\\Users\\claud\\OneDrive\\Documentos\\Alura PHP\\api-series\\vendor\\illuminate\\database\\Eloquent\\Model.php(2117): Illuminate\\Database\\Eloquent\\Model->forwardCallTo()
#16 C:\\Users\\claud\\OneDrive\\Documentos\\Alura PHP\\api-series\\vendor\\illuminate\\database\\Eloquent\\Model.php(2129): Illuminate\\Database\\Eloquent\\Model->__call()
#17 C:\\Users\\claud\\OneDrive\\Documentos\\Alura PHP\\api-series\\app\\Http\\Controllers\\BaseController.php(18): Illuminate\\Database\\Eloquent\\Model::__callStatic()
#18 C:\\Users\\claud\\OneDrive\\Documentos\\Alura PHP\\api-series\\vendor\\illuminate\\container\\BoundMethod.php(36): App\\Http\\Controllers\\BaseController->store()
#19 C:\\Users\\claud\\OneDrive\\Documentos\\Alura PHP\\api-series\\vendor\\illuminate\\container\\Util.php(40): Illuminate\\Container\\BoundMethod::Illuminate\\Container\\{closure}()
#20 C:\\Users\\claud\\OneDrive\\Documentos\\Alura PHP\\api-series\\vendor\\illuminate\\container\\BoundMethod.php(93): Illuminate\\Container\\Util::unwrapIfClosure()
#21 C:\\Users\\claud\\OneDrive\\Documentos\\Alura PHP\\api-series\\vendor\\illuminate\\container\\BoundMethod.php(37): Illuminate\\Container\\BoundMethod::callBoundMethod()
#22 C:\\Users\\claud\\OneDrive\\Documentos\\Alura PHP\\api-series\\vendor\\illuminate\\container\\Container.php(653): Illuminate\\Container\\BoundMethod::call()
#23 C:\\Users\\claud\\OneDrive\\Documentos\\Alura PHP\\api-series\\vendor\\laravel\\lumen-framework\\src\\Concerns\\RoutesRequests.php(389): Illuminate\\Container\\Container->call()
#24 C:\\Users\\claud\\OneDrive\\Documentos\\Alura PHP\\api-series\\vendor\\laravel\\lumen-framework\\src\\Concerns\\RoutesRequests.php(355): Laravel\\Lumen\\Application->callControllerCallable()
#25 C:\\Users\\claud\\OneDrive\\Documentos\\Alura PHP\\api-series\\vendor\\laravel\\lumen-framework\\src\\Concerns\\RoutesRequests.php(329): Laravel\\Lumen\\Application->callLumenController()
#26 C:\\Users\\claud\\OneDrive\\Documentos\\Alura PHP\\api-series\\vendor\\laravel\\lumen-framework\\src\\Concerns\\RoutesRequests.php(282): Laravel\\Lumen\\Application->callControllerAction()
#27 C:\\Users\\claud\\OneDrive\\Documentos\\Alura PHP\\api-series\\vendor\\laravel\\lumen-framework\\src\\Concerns\\RoutesRequests.php(267): Laravel\\Lumen\\Application->callActionOnArrayBasedRoute()
#28 C:\\Users\\claud\\OneDrive\\Documentos\\Alura PHP\\api-series\\vendor\\laravel\\lumen-framework\\src\\Concerns\\RoutesRequests.php(169): Laravel\\Lumen\\Application->handleFoundRoute()
#29 C:\\Users\\claud\\OneDrive\\Documentos\\Alura PHP\\api-series\\vendor\\laravel\\lumen-framework\\src\\Concerns\\RoutesRequests.php(429): Laravel\\Lumen\\Application->Laravel\\Lumen\\Concerns\\{closure}()
#30 C:\\Users\\claud\\OneDrive\\Documentos\\Alura PHP\\api-series\\vendor\\laravel\\lumen-framework\\src\\Concerns\\RoutesRequests.php(175): Laravel\\Lumen\\Application->sendThroughPipeline()
#31 C:\\Users\\claud\\OneDrive\\Documentos\\Alura PHP\\api-series\\vendor\\laravel\\lumen-framework\\src\\Concerns\\RoutesRequests.php(112): Laravel\\Lumen\\Application->dispatch()
#32 C:\\Users\\claud\\OneDrive\\Documentos\\Alura PHP\\api-series\\public\\index.php(28): Laravel\\Lumen\\Application->run()
#33 {main}
"} 
[2021-11-13 01:21:28] local.ERROR: Undefined variable $request {"exception":"[object] (ErrorException(code: 0): Undefined variable $request at C:\\Users\\claud\\OneDrive\\Documentos\\Alura PHP\\api-series\\app\\Http\\Controllers\\BaseController.php:13)
[stacktrace]
#0 C:\\Users\\claud\\OneDrive\\Documentos\\Alura PHP\\api-series\\vendor\\laravel\\lumen-framework\\src\\Concerns\\RegistersExceptionHandlers.php(47): Laravel\\Lumen\\Application->handleError()
#1 C:\\Users\\claud\\OneDrive\\Documentos\\Alura PHP\\api-series\\app\\Http\\Controllers\\BaseController.php(13): Laravel\\Lumen\\Application->Laravel\\Lumen\\Concerns\\{closure}()
#2 C:\\Users\\claud\\OneDrive\\Documentos\\Alura PHP\\api-series\\vendor\\illuminate\\container\\BoundMethod.php(36): App\\Http\\Controllers\\BaseController->index()
#3 C:\\Users\\claud\\OneDrive\\Documentos\\Alura PHP\\api-series\\vendor\\illuminate\\container\\Util.php(40): Illuminate\\Container\\BoundMethod::Illuminate\\Container\\{closure}()
#4 C:\\Users\\claud\\OneDrive\\Documentos\\Alura PHP\\api-series\\vendor\\illuminate\\container\\BoundMethod.php(93): Illuminate\\Container\\Util::unwrapIfClosure()
#5 C:\\Users\\claud\\OneDrive\\Documentos\\Alura PHP\\api-series\\vendor\\illuminate\\container\\BoundMethod.php(37): Illuminate\\Container\\BoundMethod::callBoundMethod()
#6 C:\\Users\\claud\\OneDrive\\Documentos\\Alura PHP\\api-series\\vendor\\illuminate\\container\\Container.php(653): Illuminate\\Container\\BoundMethod::call()
#7 C:\\Users\\claud\\OneDrive\\Documentos\\Alura PHP\\api-series\\vendor\\laravel\\lumen-framework\\src\\Concerns\\RoutesRequests.php(389): Illuminate\\Container\\Container->call()
#8 C:\\Users\\claud\\OneDrive\\Documentos\\Alura PHP\\api-series\\vendor\\laravel\\lumen-framework\\src\\Concerns\\RoutesRequests.php(355): Laravel\\Lumen\\Application->callControllerCallable()
#9 C:\\Users\\claud\\OneDrive\\Documentos\\Alura PHP\\api-series\\vendor\\laravel\\lumen-framework\\src\\Concerns\\RoutesRequests.php(329): Laravel\\Lumen\\Application->callLumenController()
#10 C:\\Users\\claud\\OneDrive\\Documentos\\Alura PHP\\api-series\\vendor\\laravel\\lumen-framework\\src\\Concerns\\RoutesRequests.php(282): Laravel\\Lumen\\Application->callControllerAction()
#11 C:\\Users\\claud\\OneDrive\\Documentos\\Alura PHP\\api-series\\vendor\\laravel\\lumen-framework\\src\\Concerns\\RoutesRequests.php(267): Laravel\\Lumen\\Application->callActionOnArrayBasedRoute()
#12 C:\\Users\\claud\\OneDrive\\Documentos\\Alura PHP\\api-series\\vendor\\laravel\\lumen-framework\\src\\Concerns\\RoutesRequests.php(169): Laravel\\Lumen\\Application->handleFoundRoute()
#13 C:\\Users\\claud\\OneDrive\\Documentos\\Alura PHP\\api-series\\vendor\\laravel\\lumen-framework\\src\\Concerns\\RoutesRequests.php(429): Laravel\\Lumen\\Application->Laravel\\Lumen\\Concerns\\{closure}()
#14 C:\\Users\\claud\\OneDrive\\Documentos\\Alura PHP\\api-series\\vendor\\laravel\\lumen-framework\\src\\Concerns\\RoutesRequests.php(175): Laravel\\Lumen\\Application->sendThroughPipeline()
#15 C:\\Users\\claud\\OneDrive\\Documentos\\Alura PHP\\api-series\\vendor\\laravel\\lumen-framework\\src\\Concerns\\RoutesRequests.php(112): Laravel\\Lumen\\Application->dispatch()
#16 C:\\Users\\claud\\OneDrive\\Documentos\\Alura PHP\\api-series\\public\\index.php(28): Laravel\\Lumen\\Application->run()
#17 {main}
"} 
[2021-11-13 01:22:14] local.ERROR: Undefined variable $request {"exception":"[object] (ErrorException(code: 0): Undefined variable $request at C:\\Users\\claud\\OneDrive\\Documentos\\Alura PHP\\api-series\\app\\Http\\Controllers\\BaseController.php:13)
[stacktrace]
#0 C:\\Users\\claud\\OneDrive\\Documentos\\Alura PHP\\api-series\\vendor\\laravel\\lumen-framework\\src\\Concerns\\RegistersExceptionHandlers.php(47): Laravel\\Lumen\\Application->handleError()
#1 C:\\Users\\claud\\OneDrive\\Documentos\\Alura PHP\\api-series\\app\\Http\\Controllers\\BaseController.php(13): Laravel\\Lumen\\Application->Laravel\\Lumen\\Concerns\\{closure}()
#2 C:\\Users\\claud\\OneDrive\\Documentos\\Alura PHP\\api-series\\vendor\\illuminate\\container\\BoundMethod.php(36): App\\Http\\Controllers\\BaseController->index()
#3 C:\\Users\\claud\\OneDrive\\Documentos\\Alura PHP\\api-series\\vendor\\illuminate\\container\\Util.php(40): Illuminate\\Container\\BoundMethod::Illuminate\\Container\\{closure}()
#4 C:\\Users\\claud\\OneDrive\\Documentos\\Alura PHP\\api-series\\vendor\\illuminate\\container\\BoundMethod.php(93): Illuminate\\Container\\Util::unwrapIfClosure()
#5 C:\\Users\\claud\\OneDrive\\Documentos\\Alura PHP\\api-series\\vendor\\illuminate\\container\\BoundMethod.php(37): Illuminate\\Container\\BoundMethod::callBoundMethod()
#6 C:\\Users\\claud\\OneDrive\\Documentos\\Alura PHP\\api-series\\vendor\\illuminate\\container\\Container.php(653): Illuminate\\Container\\BoundMethod::call()
#7 C:\\Users\\claud\\OneDrive\\Documentos\\Alura PHP\\api-series\\vendor\\laravel\\lumen-framework\\src\\Concerns\\RoutesRequests.php(389): Illuminate\\Container\\Container->call()
#8 C:\\Users\\claud\\OneDrive\\Documentos\\Alura PHP\\api-series\\vendor\\laravel\\lumen-framework\\src\\Concerns\\RoutesRequests.php(355): Laravel\\Lumen\\Application->callControllerCallable()
#9 C:\\Users\\claud\\OneDrive\\Documentos\\Alura PHP\\api-series\\vendor\\laravel\\lumen-framework\\src\\Concerns\\RoutesRequests.php(329): Laravel\\Lumen\\Application->callLumenController()
#10 C:\\Users\\claud\\OneDrive\\Documentos\\Alura PHP\\api-series\\vendor\\laravel\\lumen-framework\\src\\Concerns\\RoutesRequests.php(282): Laravel\\Lumen\\Application->callControllerAction()
#11 C:\\Users\\claud\\OneDrive\\Documentos\\Alura PHP\\api-series\\vendor\\laravel\\lumen-framework\\src\\Concerns\\RoutesRequests.php(267): Laravel\\Lumen\\Application->callActionOnArrayBasedRoute()
#12 C:\\Users\\claud\\OneDrive\\Documentos\\Alura PHP\\api-series\\vendor\\laravel\\lumen-framework\\src\\Concerns\\RoutesRequests.php(169): Laravel\\Lumen\\Application->handleFoundRoute()
#13 C:\\Users\\claud\\OneDrive\\Documentos\\Alura PHP\\api-series\\vendor\\laravel\\lumen-framework\\src\\Concerns\\RoutesRequests.php(429): Laravel\\Lumen\\Application->Laravel\\Lumen\\Concerns\\{closure}()
#14 C:\\Users\\claud\\OneDrive\\Documentos\\Alura PHP\\api-series\\vendor\\laravel\\lumen-framework\\src\\Concerns\\RoutesRequests.php(175): Laravel\\Lumen\\Application->sendThroughPipeline()
#15 C:\\Users\\claud\\OneDrive\\Documentos\\Alura PHP\\api-series\\vendor\\laravel\\lumen-framework\\src\\Concerns\\RoutesRequests.php(112): Laravel\\Lumen\\Application->dispatch()
#16 C:\\Users\\claud\\OneDrive\\Documentos\\Alura PHP\\api-series\\public\\index.php(28): Laravel\\Lumen\\Application->run()
#17 {main}
"} 
[2021-11-13 01:22:44] local.ERROR: Target class [App\Http\Controllers\Resquest] does not exist. {"exception":"[object] (Illuminate\\Contracts\\Container\\BindingResolutionException(code: 0): Target class [App\\Http\\Controllers\\Resquest] does not exist. at C:\\Users\\claud\\OneDrive\\Documentos\\Alura PHP\\api-series\\vendor\\illuminate\\container\\Container.php:879)
[stacktrace]
#0 C:\\Users\\claud\\OneDrive\\Documentos\\Alura PHP\\api-series\\vendor\\illuminate\\container\\Container.php(758): Illuminate\\Container\\Container->build()
#1 C:\\Users\\claud\\OneDrive\\Documentos\\Alura PHP\\api-series\\vendor\\illuminate\\container\\Container.php(694): Illuminate\\Container\\Container->resolve()
#2 C:\\Users\\claud\\OneDrive\\Documentos\\Alura PHP\\api-series\\vendor\\laravel\\lumen-framework\\src\\Application.php(300): Illuminate\\Container\\Container->make()
#3 C:\\Users\\claud\\OneDrive\\Documentos\\Alura PHP\\api-series\\vendor\\illuminate\\container\\BoundMethod.php(175): Laravel\\Lumen\\Application->make()
#4 C:\\Users\\claud\\OneDrive\\Documentos\\Alura PHP\\api-series\\vendor\\illuminate\\container\\BoundMethod.php(124): Illuminate\\Container\\BoundMethod::addDependencyForCallParameter()
#5 C:\\Users\\claud\\OneDrive\\Documentos\\Alura PHP\\api-series\\vendor\\illuminate\\container\\BoundMethod.php(36): Illuminate\\Container\\BoundMethod::getMethodDependencies()
#6 C:\\Users\\claud\\OneDrive\\Documentos\\Alura PHP\\api-series\\vendor\\illuminate\\container\\Util.php(40): Illuminate\\Container\\BoundMethod::Illuminate\\Container\\{closure}()
#7 C:\\Users\\claud\\OneDrive\\Documentos\\Alura PHP\\api-series\\vendor\\illuminate\\container\\BoundMethod.php(93): Illuminate\\Container\\Util::unwrapIfClosure()
#8 C:\\Users\\claud\\OneDrive\\Documentos\\Alura PHP\\api-series\\vendor\\illuminate\\container\\BoundMethod.php(37): Illuminate\\Container\\BoundMethod::callBoundMethod()
#9 C:\\Users\\claud\\OneDrive\\Documentos\\Alura PHP\\api-series\\vendor\\illuminate\\container\\Container.php(653): Illuminate\\Container\\BoundMethod::call()
#10 C:\\Users\\claud\\OneDrive\\Documentos\\Alura PHP\\api-series\\vendor\\laravel\\lumen-framework\\src\\Concerns\\RoutesRequests.php(389): Illuminate\\Container\\Container->call()
#11 C:\\Users\\claud\\OneDrive\\Documentos\\Alura PHP\\api-series\\vendor\\laravel\\lumen-framework\\src\\Concerns\\RoutesRequests.php(355): Laravel\\Lumen\\Application->callControllerCallable()
#12 C:\\Users\\claud\\OneDrive\\Documentos\\Alura PHP\\api-series\\vendor\\laravel\\lumen-framework\\src\\Concerns\\RoutesRequests.php(329): Laravel\\Lumen\\Application->callLumenController()
#13 C:\\Users\\claud\\OneDrive\\Documentos\\Alura PHP\\api-series\\vendor\\laravel\\lumen-framework\\src\\Concerns\\RoutesRequests.php(282): Laravel\\Lumen\\Application->callControllerAction()
#14 C:\\Users\\claud\\OneDrive\\Documentos\\Alura PHP\\api-series\\vendor\\laravel\\lumen-framework\\src\\Concerns\\RoutesRequests.php(267): Laravel\\Lumen\\Application->callActionOnArrayBasedRoute()
#15 C:\\Users\\claud\\OneDrive\\Documentos\\Alura PHP\\api-series\\vendor\\laravel\\lumen-framework\\src\\Concerns\\RoutesRequests.php(169): Laravel\\Lumen\\Application->handleFoundRoute()
#16 C:\\Users\\claud\\OneDrive\\Documentos\\Alura PHP\\api-series\\vendor\\laravel\\lumen-framework\\src\\Concerns\\RoutesRequests.php(429): Laravel\\Lumen\\Application->Laravel\\Lumen\\Concerns\\{closure}()
#17 C:\\Users\\claud\\OneDrive\\Documentos\\Alura PHP\\api-series\\vendor\\laravel\\lumen-framework\\src\\Concerns\\RoutesRequests.php(175): Laravel\\Lumen\\Application->sendThroughPipeline()
#18 C:\\Users\\claud\\OneDrive\\Documentos\\Alura PHP\\api-series\\vendor\\laravel\\lumen-framework\\src\\Concerns\\RoutesRequests.php(112): Laravel\\Lumen\\Application->dispatch()
#19 C:\\Users\\claud\\OneDrive\\Documentos\\Alura PHP\\api-series\\public\\index.php(28): Laravel\\Lumen\\Application->run()
#20 {main}

[previous exception] [object] (ReflectionException(code: -1): Class \"App\\Http\\Controllers\\Resquest\" does not exist at C:\\Users\\claud\\OneDrive\\Documentos\\Alura PHP\\api-series\\vendor\\illuminate\\container\\Container.php:877)
[stacktrace]
#0 C:\\Users\\claud\\OneDrive\\Documentos\\Alura PHP\\api-series\\vendor\\illuminate\\container\\Container.php(877): ReflectionClass->__construct()
#1 C:\\Users\\claud\\OneDrive\\Documentos\\Alura PHP\\api-series\\vendor\\illuminate\\container\\Container.php(758): Illuminate\\Container\\Container->build()
#2 C:\\Users\\claud\\OneDrive\\Documentos\\Alura PHP\\api-series\\vendor\\illuminate\\container\\Container.php(694): Illuminate\\Container\\Container->resolve()
#3 C:\\Users\\claud\\OneDrive\\Documentos\\Alura PHP\\api-series\\vendor\\laravel\\lumen-framework\\src\\Application.php(300): Illuminate\\Container\\Container->make()
#4 C:\\Users\\claud\\OneDrive\\Documentos\\Alura PHP\\api-series\\vendor\\illuminate\\container\\BoundMethod.php(175): Laravel\\Lumen\\Application->make()
#5 C:\\Users\\claud\\OneDrive\\Documentos\\Alura PHP\\api-series\\vendor\\illuminate\\container\\BoundMethod.php(124): Illuminate\\Container\\BoundMethod::addDependencyForCallParameter()
#6 C:\\Users\\claud\\OneDrive\\Documentos\\Alura PHP\\api-series\\vendor\\illuminate\\container\\BoundMethod.php(36): Illuminate\\Container\\BoundMethod::getMethodDependencies()
#7 C:\\Users\\claud\\OneDrive\\Documentos\\Alura PHP\\api-series\\vendor\\illuminate\\container\\Util.php(40): Illuminate\\Container\\BoundMethod::Illuminate\\Container\\{closure}()
#8 C:\\Users\\claud\\OneDrive\\Documentos\\Alura PHP\\api-series\\vendor\\illuminate\\container\\BoundMethod.php(93): Illuminate\\Container\\Util::unwrapIfClosure()
#9 C:\\Users\\claud\\OneDrive\\Documentos\\Alura PHP\\api-series\\vendor\\illuminate\\container\\BoundMethod.php(37): Illuminate\\Container\\BoundMethod::callBoundMethod()
#10 C:\\Users\\claud\\OneDrive\\Documentos\\Alura PHP\\api-series\\vendor\\illuminate\\container\\Container.php(653): Illuminate\\Container\\BoundMethod::call()
#11 C:\\Users\\claud\\OneDrive\\Documentos\\Alura PHP\\api-series\\vendor\\laravel\\lumen-framework\\src\\Concerns\\RoutesRequests.php(389): Illuminate\\Container\\Container->call()
#12 C:\\Users\\claud\\OneDrive\\Documentos\\Alura PHP\\api-series\\vendor\\laravel\\lumen-framework\\src\\Concerns\\RoutesRequests.php(355): Laravel\\Lumen\\Application->callControllerCallable()
#13 C:\\Users\\claud\\OneDrive\\Documentos\\Alura PHP\\api-series\\vendor\\laravel\\lumen-framework\\src\\Concerns\\RoutesRequests.php(329): Laravel\\Lumen\\Application->callLumenController()
#14 C:\\Users\\claud\\OneDrive\\Documentos\\Alura PHP\\api-series\\vendor\\laravel\\lumen-framework\\src\\Concerns\\RoutesRequests.php(282): Laravel\\Lumen\\Application->callControllerAction()
#15 C:\\Users\\claud\\OneDrive\\Documentos\\Alura PHP\\api-series\\vendor\\laravel\\lumen-framework\\src\\Concerns\\RoutesRequests.php(267): Laravel\\Lumen\\Application->callActionOnArrayBasedRoute()
#16 C:\\Users\\claud\\OneDrive\\Documentos\\Alura PHP\\api-series\\vendor\\laravel\\lumen-framework\\src\\Concerns\\RoutesRequests.php(169): Laravel\\Lumen\\Application->handleFoundRoute()
#17 C:\\Users\\claud\\OneDrive\\Documentos\\Alura PHP\\api-series\\vendor\\laravel\\lumen-framework\\src\\Concerns\\RoutesRequests.php(429): Laravel\\Lumen\\Application->Laravel\\Lumen\\Concerns\\{closure}()
#18 C:\\Users\\claud\\OneDrive\\Documentos\\Alura PHP\\api-series\\vendor\\laravel\\lumen-framework\\src\\Concerns\\RoutesRequests.php(175): Laravel\\Lumen\\Application->sendThroughPipeline()
#19 C:\\Users\\claud\\OneDrive\\Documentos\\Alura PHP\\api-series\\vendor\\laravel\\lumen-framework\\src\\Concerns\\RoutesRequests.php(112): Laravel\\Lumen\\Application->dispatch()
#20 C:\\Users\\claud\\OneDrive\\Documentos\\Alura PHP\\api-series\\public\\index.php(28): Laravel\\Lumen\\Application->run()
#21 {main}
"} 
[2021-11-13 01:29:22] local.ERROR: Cannot redeclare App\Models\Episodio::getAssistidoAttribute() {"exception":"[object] (Symfony\\Component\\ErrorHandler\\Error\\FatalError(code: 0): Cannot redeclare App\\Models\\Episodio::getAssistidoAttribute() at C:\\Users\\claud\\OneDrive\\Documentos\\Alura PHP\\api-series\\app\\Models\\Episodio.php:23)
[stacktrace]
#0 {main}
"} 
[2021-11-13 01:29:52] local.ERROR: Cannot redeclare App\Models\Episodio::getAssistidoAttribute() {"exception":"[object] (Symfony\\Component\\ErrorHandler\\Error\\FatalError(code: 0): Cannot redeclare App\\Models\\Episodio::getAssistidoAttribute() at C:\\Users\\claud\\OneDrive\\Documentos\\Alura PHP\\api-series\\app\\Models\\Episodio.php:23)
[stacktrace]
#0 {main}
"} 
