[2021-11-17 00:11:57] local.ERROR: Target class [UsuarioSeeder] does not exist. {"exception":"[object] (Illuminate\\Contracts\\Container\\BindingResolutionException(code: 0): Target class [UsuarioSeeder] does not exist. at C:\\Users\\claud\\OneDrive\\Documentos\\Alura PHP\\api-series\\vendor\\illuminate\\container\\Container.php:879)
[stacktrace]
#0 C:\\Users\\claud\\OneDrive\\Documentos\\Alura PHP\\api-series\\vendor\\illuminate\\container\\Container.php(758): Illuminate\\Container\\Container->build()
#1 C:\\Users\\claud\\OneDrive\\Documentos\\Alura PHP\\api-series\\vendor\\illuminate\\container\\Container.php(694): Illuminate\\Container\\Container->resolve()
#2 C:\\Users\\claud\\OneDrive\\Documentos\\Alura PHP\\api-series\\vendor\\laravel\\lumen-framework\\src\\Application.php(300): Illuminate\\Container\\Container->make()
#3 C:\\Users\\claud\\OneDrive\\Documentos\\Alura PHP\\api-series\\vendor\\illuminate\\database\\Seeder.php(94): Laravel\\Lumen\\Application->make()
#4 C:\\Users\\claud\\OneDrive\\Documentos\\Alura PHP\\api-series\\vendor\\illuminate\\database\\Seeder.php(39): Illuminate\\Database\\Seeder->resolve()
#5 C:\\Users\\claud\\OneDrive\\Documentos\\Alura PHP\\api-series\\database\\seeders\\DatabaseSeeder.php(16): Illuminate\\Database\\Seeder->call()
#6 C:\\Users\\claud\\OneDrive\\Documentos\\Alura PHP\\api-series\\vendor\\illuminate\\container\\BoundMethod.php(36): Database\\Seeders\\DatabaseSeeder->run()
#7 C:\\Users\\claud\\OneDrive\\Documentos\\Alura PHP\\api-series\\vendor\\illuminate\\container\\Util.php(40): Illuminate\\Container\\BoundMethod::Illuminate\\Container\\{closure}()
#8 C:\\Users\\claud\\OneDrive\\Documentos\\Alura PHP\\api-series\\vendor\\illuminate\\container\\BoundMethod.php(93): Illuminate\\Container\\Util::unwrapIfClosure()
#9 C:\\Users\\claud\\OneDrive\\Documentos\\Alura PHP\\api-series\\vendor\\illuminate\\container\\BoundMethod.php(37): Illuminate\\Container\\BoundMethod::callBoundMethod()
#10 C:\\Users\\claud\\OneDrive\\Documentos\\Alura PHP\\api-series\\vendor\\illuminate\\container\\Container.php(653): Illuminate\\Container\\BoundMethod::call()
#11 C:\\Users\\claud\\OneDrive\\Documentos\\Alura PHP\\api-series\\vendor\\illuminate\\database\\Seeder.php(149): Illuminate\\Container\\Container->call()
#12 C:\\Users\\claud\\OneDrive\\Documentos\\Alura PHP\\api-series\\vendor\\illuminate\\database\\Console\\Seeds\\SeedCommand.php(66): Illuminate\\Database\\Seeder->__invoke()
#13 C:\\Users\\claud\\OneDrive\\Documentos\\Alura PHP\\api-series\\vendor\\illuminate\\database\\Eloquent\\Concerns\\GuardsAttributes.php(157): Illuminate\\Database\\Console\\Seeds\\SeedCommand->Illuminate\\Database\\Console\\Seeds\\{closure}()
#14 C:\\Users\\claud\\OneDrive\\Documentos\\Alura PHP\\api-series\\vendor\\illuminate\\database\\Console\\Seeds\\SeedCommand.php(67): Illuminate\\Database\\Eloquent\\Model::unguarded()
#15 C:\\Users\\claud\\OneDrive\\Documentos\\Alura PHP\\api-series\\vendor\\illuminate\\container\\BoundMethod.php(36): Illuminate\\Database\\Console\\Seeds\\SeedCommand->handle()
#16 C:\\Users\\claud\\OneDrive\\Documentos\\Alura PHP\\api-series\\vendor\\illuminate\\container\\Util.php(40): Illuminate\\Container\\BoundMethod::Illuminate\\Container\\{closure}()
#17 C:\\Users\\claud\\OneDrive\\Documentos\\Alura PHP\\api-series\\vendor\\illuminate\\container\\BoundMethod.php(93): Illuminate\\Container\\Util::unwrapIfClosure()
#18 C:\\Users\\claud\\OneDrive\\Documentos\\Alura PHP\\api-series\\vendor\\illuminate\\container\\BoundMethod.php(37): Illuminate\\Container\\BoundMethod::callBoundMethod()
#19 C:\\Users\\claud\\OneDrive\\Documentos\\Alura PHP\\api-series\\vendor\\illuminate\\container\\Container.php(653): Illuminate\\Container\\BoundMethod::call()
#20 C:\\Users\\claud\\OneDrive\\Documentos\\Alura PHP\\api-series\\vendor\\illuminate\\console\\Command.php(136): Illuminate\\Container\\Container->call()
#21 C:\\Users\\claud\\OneDrive\\Documentos\\Alura PHP\\api-series\\vendor\\symfony\\console\\Command\\Command.php(299): Illuminate\\Console\\Command->execute()
#22 C:\\Users\\claud\\OneDrive\\Documentos\\Alura PHP\\api-series\\vendor\\illuminate\\console\\Command.php(121): Symfony\\Component\\Console\\Command\\Command->run()
#23 C:\\Users\\claud\\OneDrive\\Documentos\\Alura PHP\\api-series\\vendor\\symfony\\console\\Application.php(978): Illuminate\\Console\\Command->run()
#24 C:\\Users\\claud\\OneDrive\\Documentos\\Alura PHP\\api-series\\vendor\\symfony\\console\\Application.php(295): Symfony\\Component\\Console\\Application->doRunCommand()
#25 C:\\Users\\claud\\OneDrive\\Documentos\\Alura PHP\\api-series\\vendor\\symfony\\console\\Application.php(167): Symfony\\Component\\Console\\Application->doRun()
#26 C:\\Users\\claud\\OneDrive\\Documentos\\Alura PHP\\api-series\\vendor\\illuminate\\console\\Application.php(94): Symfony\\Component\\Console\\Application->run()
#27 C:\\Users\\claud\\OneDrive\\Documentos\\Alura PHP\\api-series\\vendor\\laravel\\lumen-framework\\src\\Console\\Kernel.php(116): Illuminate\\Console\\Application->run()
#28 C:\\Users\\claud\\OneDrive\\Documentos\\Alura PHP\\api-series\\artisan(35): Laravel\\Lumen\\Console\\Kernel->handle()
#29 {main}

[previous exception] [object] (ReflectionException(code: -1): Class \"UsuarioSeeder\" does not exist at C:\\Users\\claud\\OneDrive\\Documentos\\Alura PHP\\api-series\\vendor\\illuminate\\container\\Container.php:877)
[stacktrace]
#0 C:\\Users\\claud\\OneDrive\\Documentos\\Alura PHP\\api-series\\vendor\\illuminate\\container\\Container.php(877): ReflectionClass->__construct()
#1 C:\\Users\\claud\\OneDrive\\Documentos\\Alura PHP\\api-series\\vendor\\illuminate\\container\\Container.php(758): Illuminate\\Container\\Container->build()
#2 C:\\Users\\claud\\OneDrive\\Documentos\\Alura PHP\\api-series\\vendor\\illuminate\\container\\Container.php(694): Illuminate\\Container\\Container->resolve()
#3 C:\\Users\\claud\\OneDrive\\Documentos\\Alura PHP\\api-series\\vendor\\laravel\\lumen-framework\\src\\Application.php(300): Illuminate\\Container\\Container->make()
#4 C:\\Users\\claud\\OneDrive\\Documentos\\Alura PHP\\api-series\\vendor\\illuminate\\database\\Seeder.php(94): Laravel\\Lumen\\Application->make()
#5 C:\\Users\\claud\\OneDrive\\Documentos\\Alura PHP\\api-series\\vendor\\illuminate\\database\\Seeder.php(39): Illuminate\\Database\\Seeder->resolve()
#6 C:\\Users\\claud\\OneDrive\\Documentos\\Alura PHP\\api-series\\database\\seeders\\DatabaseSeeder.php(16): Illuminate\\Database\\Seeder->call()
#7 C:\\Users\\claud\\OneDrive\\Documentos\\Alura PHP\\api-series\\vendor\\illuminate\\container\\BoundMethod.php(36): Database\\Seeders\\DatabaseSeeder->run()
#8 C:\\Users\\claud\\OneDrive\\Documentos\\Alura PHP\\api-series\\vendor\\illuminate\\container\\Util.php(40): Illuminate\\Container\\BoundMethod::Illuminate\\Container\\{closure}()
#9 C:\\Users\\claud\\OneDrive\\Documentos\\Alura PHP\\api-series\\vendor\\illuminate\\container\\BoundMethod.php(93): Illuminate\\Container\\Util::unwrapIfClosure()
#10 C:\\Users\\claud\\OneDrive\\Documentos\\Alura PHP\\api-series\\vendor\\illuminate\\container\\BoundMethod.php(37): Illuminate\\Container\\BoundMethod::callBoundMethod()
#11 C:\\Users\\claud\\OneDrive\\Documentos\\Alura PHP\\api-series\\vendor\\illuminate\\container\\Container.php(653): Illuminate\\Container\\BoundMethod::call()
#12 C:\\Users\\claud\\OneDrive\\Documentos\\Alura PHP\\api-series\\vendor\\illuminate\\database\\Seeder.php(149): Illuminate\\Container\\Container->call()
#13 C:\\Users\\claud\\OneDrive\\Documentos\\Alura PHP\\api-series\\vendor\\illuminate\\database\\Console\\Seeds\\SeedCommand.php(66): Illuminate\\Database\\Seeder->__invoke()
#14 C:\\Users\\claud\\OneDrive\\Documentos\\Alura PHP\\api-series\\vendor\\illuminate\\database\\Eloquent\\Concerns\\GuardsAttributes.php(157): Illuminate\\Database\\Console\\Seeds\\SeedCommand->Illuminate\\Database\\Console\\Seeds\\{closure}()
#15 C:\\Users\\claud\\OneDrive\\Documentos\\Alura PHP\\api-series\\vendor\\illuminate\\database\\Console\\Seeds\\SeedCommand.php(67): Illuminate\\Database\\Eloquent\\Model::unguarded()
#16 C:\\Users\\claud\\OneDrive\\Documentos\\Alura PHP\\api-series\\vendor\\illuminate\\container\\BoundMethod.php(36): Illuminate\\Database\\Console\\Seeds\\SeedCommand->handle()
#17 C:\\Users\\claud\\OneDrive\\Documentos\\Alura PHP\\api-series\\vendor\\illuminate\\container\\Util.php(40): Illuminate\\Container\\BoundMethod::Illuminate\\Container\\{closure}()
#18 C:\\Users\\claud\\OneDrive\\Documentos\\Alura PHP\\api-series\\vendor\\illuminate\\container\\BoundMethod.php(93): Illuminate\\Container\\Util::unwrapIfClosure()
#19 C:\\Users\\claud\\OneDrive\\Documentos\\Alura PHP\\api-series\\vendor\\illuminate\\container\\BoundMethod.php(37): Illuminate\\Container\\BoundMethod::callBoundMethod()
#20 C:\\Users\\claud\\OneDrive\\Documentos\\Alura PHP\\api-series\\vendor\\illuminate\\container\\Container.php(653): Illuminate\\Container\\BoundMethod::call()
#21 C:\\Users\\claud\\OneDrive\\Documentos\\Alura PHP\\api-series\\vendor\\illuminate\\console\\Command.php(136): Illuminate\\Container\\Container->call()
#22 C:\\Users\\claud\\OneDrive\\Documentos\\Alura PHP\\api-series\\vendor\\symfony\\console\\Command\\Command.php(299): Illuminate\\Console\\Command->execute()
#23 C:\\Users\\claud\\OneDrive\\Documentos\\Alura PHP\\api-series\\vendor\\illuminate\\console\\Command.php(121): Symfony\\Component\\Console\\Command\\Command->run()
#24 C:\\Users\\claud\\OneDrive\\Documentos\\Alura PHP\\api-series\\vendor\\symfony\\console\\Application.php(978): Illuminate\\Console\\Command->run()
#25 C:\\Users\\claud\\OneDrive\\Documentos\\Alura PHP\\api-series\\vendor\\symfony\\console\\Application.php(295): Symfony\\Component\\Console\\Application->doRunCommand()
#26 C:\\Users\\claud\\OneDrive\\Documentos\\Alura PHP\\api-series\\vendor\\symfony\\console\\Application.php(167): Symfony\\Component\\Console\\Application->doRun()
#27 C:\\Users\\claud\\OneDrive\\Documentos\\Alura PHP\\api-series\\vendor\\illuminate\\console\\Application.php(94): Symfony\\Component\\Console\\Application->run()
#28 C:\\Users\\claud\\OneDrive\\Documentos\\Alura PHP\\api-series\\vendor\\laravel\\lumen-framework\\src\\Console\\Kernel.php(116): Illuminate\\Console\\Application->run()
#29 C:\\Users\\claud\\OneDrive\\Documentos\\Alura PHP\\api-series\\artisan(35): Laravel\\Lumen\\Console\\Kernel->handle()
#30 {main}
"} 
[2021-11-17 00:14:44] local.ERROR: Target class [UsuarioSeeder] does not exist. {"exception":"[object] (Illuminate\\Contracts\\Container\\BindingResolutionException(code: 0): Target class [UsuarioSeeder] does not exist. at C:\\Users\\claud\\OneDrive\\Documentos\\Alura PHP\\api-series\\vendor\\illuminate\\container\\Container.php:879)
[stacktrace]
#0 C:\\Users\\claud\\OneDrive\\Documentos\\Alura PHP\\api-series\\vendor\\illuminate\\container\\Container.php(758): Illuminate\\Container\\Container->build()
#1 C:\\Users\\claud\\OneDrive\\Documentos\\Alura PHP\\api-series\\vendor\\illuminate\\container\\Container.php(694): Illuminate\\Container\\Container->resolve()
#2 C:\\Users\\claud\\OneDrive\\Documentos\\Alura PHP\\api-series\\vendor\\laravel\\lumen-framework\\src\\Application.php(300): Illuminate\\Container\\Container->make()
#3 C:\\Users\\claud\\OneDrive\\Documentos\\Alura PHP\\api-series\\vendor\\illuminate\\database\\Seeder.php(94): Laravel\\Lumen\\Application->make()
#4 C:\\Users\\claud\\OneDrive\\Documentos\\Alura PHP\\api-series\\vendor\\illuminate\\database\\Seeder.php(39): Illuminate\\Database\\Seeder->resolve()
#5 C:\\Users\\claud\\OneDrive\\Documentos\\Alura PHP\\api-series\\database\\seeders\\DatabaseSeeder.php(16): Illuminate\\Database\\Seeder->call()
#6 C:\\Users\\claud\\OneDrive\\Documentos\\Alura PHP\\api-series\\vendor\\illuminate\\container\\BoundMethod.php(36): Database\\Seeders\\DatabaseSeeder->run()
#7 C:\\Users\\claud\\OneDrive\\Documentos\\Alura PHP\\api-series\\vendor\\illuminate\\container\\Util.php(40): Illuminate\\Container\\BoundMethod::Illuminate\\Container\\{closure}()
#8 C:\\Users\\claud\\OneDrive\\Documentos\\Alura PHP\\api-series\\vendor\\illuminate\\container\\BoundMethod.php(93): Illuminate\\Container\\Util::unwrapIfClosure()
#9 C:\\Users\\claud\\OneDrive\\Documentos\\Alura PHP\\api-series\\vendor\\illuminate\\container\\BoundMethod.php(37): Illuminate\\Container\\BoundMethod::callBoundMethod()
#10 C:\\Users\\claud\\OneDrive\\Documentos\\Alura PHP\\api-series\\vendor\\illuminate\\container\\Container.php(653): Illuminate\\Container\\BoundMethod::call()
#11 C:\\Users\\claud\\OneDrive\\Documentos\\Alura PHP\\api-series\\vendor\\illuminate\\database\\Seeder.php(149): Illuminate\\Container\\Container->call()
#12 C:\\Users\\claud\\OneDrive\\Documentos\\Alura PHP\\api-series\\vendor\\illuminate\\database\\Console\\Seeds\\SeedCommand.php(66): Illuminate\\Database\\Seeder->__invoke()
#13 C:\\Users\\claud\\OneDrive\\Documentos\\Alura PHP\\api-series\\vendor\\illuminate\\database\\Eloquent\\Concerns\\GuardsAttributes.php(157): Illuminate\\Database\\Console\\Seeds\\SeedCommand->Illuminate\\Database\\Console\\Seeds\\{closure}()
#14 C:\\Users\\claud\\OneDrive\\Documentos\\Alura PHP\\api-series\\vendor\\illuminate\\database\\Console\\Seeds\\SeedCommand.php(67): Illuminate\\Database\\Eloquent\\Model::unguarded()
#15 C:\\Users\\claud\\OneDrive\\Documentos\\Alura PHP\\api-series\\vendor\\illuminate\\container\\BoundMethod.php(36): Illuminate\\Database\\Console\\Seeds\\SeedCommand->handle()
#16 C:\\Users\\claud\\OneDrive\\Documentos\\Alura PHP\\api-series\\vendor\\illuminate\\container\\Util.php(40): Illuminate\\Container\\BoundMethod::Illuminate\\Container\\{closure}()
#17 C:\\Users\\claud\\OneDrive\\Documentos\\Alura PHP\\api-series\\vendor\\illuminate\\container\\BoundMethod.php(93): Illuminate\\Container\\Util::unwrapIfClosure()
#18 C:\\Users\\claud\\OneDrive\\Documentos\\Alura PHP\\api-series\\vendor\\illuminate\\container\\BoundMethod.php(37): Illuminate\\Container\\BoundMethod::callBoundMethod()
#19 C:\\Users\\claud\\OneDrive\\Documentos\\Alura PHP\\api-series\\vendor\\illuminate\\container\\Container.php(653): Illuminate\\Container\\BoundMethod::call()
#20 C:\\Users\\claud\\OneDrive\\Documentos\\Alura PHP\\api-series\\vendor\\illuminate\\console\\Command.php(136): Illuminate\\Container\\Container->call()
#21 C:\\Users\\claud\\OneDrive\\Documentos\\Alura PHP\\api-series\\vendor\\symfony\\console\\Command\\Command.php(299): Illuminate\\Console\\Command->execute()
#22 C:\\Users\\claud\\OneDrive\\Documentos\\Alura PHP\\api-series\\vendor\\illuminate\\console\\Command.php(121): Symfony\\Component\\Console\\Command\\Command->run()
#23 C:\\Users\\claud\\OneDrive\\Documentos\\Alura PHP\\api-series\\vendor\\symfony\\console\\Application.php(978): Illuminate\\Console\\Command->run()
#24 C:\\Users\\claud\\OneDrive\\Documentos\\Alura PHP\\api-series\\vendor\\symfony\\console\\Application.php(295): Symfony\\Component\\Console\\Application->doRunCommand()
#25 C:\\Users\\claud\\OneDrive\\Documentos\\Alura PHP\\api-series\\vendor\\symfony\\console\\Application.php(167): Symfony\\Component\\Console\\Application->doRun()
#26 C:\\Users\\claud\\OneDrive\\Documentos\\Alura PHP\\api-series\\vendor\\illuminate\\console\\Application.php(94): Symfony\\Component\\Console\\Application->run()
#27 C:\\Users\\claud\\OneDrive\\Documentos\\Alura PHP\\api-series\\vendor\\laravel\\lumen-framework\\src\\Console\\Kernel.php(116): Illuminate\\Console\\Application->run()
#28 C:\\Users\\claud\\OneDrive\\Documentos\\Alura PHP\\api-series\\artisan(35): Laravel\\Lumen\\Console\\Kernel->handle()
#29 {main}

[previous exception] [object] (ReflectionException(code: -1): Class \"UsuarioSeeder\" does not exist at C:\\Users\\claud\\OneDrive\\Documentos\\Alura PHP\\api-series\\vendor\\illuminate\\container\\Container.php:877)
[stacktrace]
#0 C:\\Users\\claud\\OneDrive\\Documentos\\Alura PHP\\api-series\\vendor\\illuminate\\container\\Container.php(877): ReflectionClass->__construct()
#1 C:\\Users\\claud\\OneDrive\\Documentos\\Alura PHP\\api-series\\vendor\\illuminate\\container\\Container.php(758): Illuminate\\Container\\Container->build()
#2 C:\\Users\\claud\\OneDrive\\Documentos\\Alura PHP\\api-series\\vendor\\illuminate\\container\\Container.php(694): Illuminate\\Container\\Container->resolve()
#3 C:\\Users\\claud\\OneDrive\\Documentos\\Alura PHP\\api-series\\vendor\\laravel\\lumen-framework\\src\\Application.php(300): Illuminate\\Container\\Container->make()
#4 C:\\Users\\claud\\OneDrive\\Documentos\\Alura PHP\\api-series\\vendor\\illuminate\\database\\Seeder.php(94): Laravel\\Lumen\\Application->make()
#5 C:\\Users\\claud\\OneDrive\\Documentos\\Alura PHP\\api-series\\vendor\\illuminate\\database\\Seeder.php(39): Illuminate\\Database\\Seeder->resolve()
#6 C:\\Users\\claud\\OneDrive\\Documentos\\Alura PHP\\api-series\\database\\seeders\\DatabaseSeeder.php(16): Illuminate\\Database\\Seeder->call()
#7 C:\\Users\\claud\\OneDrive\\Documentos\\Alura PHP\\api-series\\vendor\\illuminate\\container\\BoundMethod.php(36): Database\\Seeders\\DatabaseSeeder->run()
#8 C:\\Users\\claud\\OneDrive\\Documentos\\Alura PHP\\api-series\\vendor\\illuminate\\container\\Util.php(40): Illuminate\\Container\\BoundMethod::Illuminate\\Container\\{closure}()
#9 C:\\Users\\claud\\OneDrive\\Documentos\\Alura PHP\\api-series\\vendor\\illuminate\\container\\BoundMethod.php(93): Illuminate\\Container\\Util::unwrapIfClosure()
#10 C:\\Users\\claud\\OneDrive\\Documentos\\Alura PHP\\api-series\\vendor\\illuminate\\container\\BoundMethod.php(37): Illuminate\\Container\\BoundMethod::callBoundMethod()
#11 C:\\Users\\claud\\OneDrive\\Documentos\\Alura PHP\\api-series\\vendor\\illuminate\\container\\Container.php(653): Illuminate\\Container\\BoundMethod::call()
#12 C:\\Users\\claud\\OneDrive\\Documentos\\Alura PHP\\api-series\\vendor\\illuminate\\database\\Seeder.php(149): Illuminate\\Container\\Container->call()
#13 C:\\Users\\claud\\OneDrive\\Documentos\\Alura PHP\\api-series\\vendor\\illuminate\\database\\Console\\Seeds\\SeedCommand.php(66): Illuminate\\Database\\Seeder->__invoke()
#14 C:\\Users\\claud\\OneDrive\\Documentos\\Alura PHP\\api-series\\vendor\\illuminate\\database\\Eloquent\\Concerns\\GuardsAttributes.php(157): Illuminate\\Database\\Console\\Seeds\\SeedCommand->Illuminate\\Database\\Console\\Seeds\\{closure}()
#15 C:\\Users\\claud\\OneDrive\\Documentos\\Alura PHP\\api-series\\vendor\\illuminate\\database\\Console\\Seeds\\SeedCommand.php(67): Illuminate\\Database\\Eloquent\\Model::unguarded()
#16 C:\\Users\\claud\\OneDrive\\Documentos\\Alura PHP\\api-series\\vendor\\illuminate\\container\\BoundMethod.php(36): Illuminate\\Database\\Console\\Seeds\\SeedCommand->handle()
#17 C:\\Users\\claud\\OneDrive\\Documentos\\Alura PHP\\api-series\\vendor\\illuminate\\container\\Util.php(40): Illuminate\\Container\\BoundMethod::Illuminate\\Container\\{closure}()
#18 C:\\Users\\claud\\OneDrive\\Documentos\\Alura PHP\\api-series\\vendor\\illuminate\\container\\BoundMethod.php(93): Illuminate\\Container\\Util::unwrapIfClosure()
#19 C:\\Users\\claud\\OneDrive\\Documentos\\Alura PHP\\api-series\\vendor\\illuminate\\container\\BoundMethod.php(37): Illuminate\\Container\\BoundMethod::callBoundMethod()
#20 C:\\Users\\claud\\OneDrive\\Documentos\\Alura PHP\\api-series\\vendor\\illuminate\\container\\Container.php(653): Illuminate\\Container\\BoundMethod::call()
#21 C:\\Users\\claud\\OneDrive\\Documentos\\Alura PHP\\api-series\\vendor\\illuminate\\console\\Command.php(136): Illuminate\\Container\\Container->call()
#22 C:\\Users\\claud\\OneDrive\\Documentos\\Alura PHP\\api-series\\vendor\\symfony\\console\\Command\\Command.php(299): Illuminate\\Console\\Command->execute()
#23 C:\\Users\\claud\\OneDrive\\Documentos\\Alura PHP\\api-series\\vendor\\illuminate\\console\\Command.php(121): Symfony\\Component\\Console\\Command\\Command->run()
#24 C:\\Users\\claud\\OneDrive\\Documentos\\Alura PHP\\api-series\\vendor\\symfony\\console\\Application.php(978): Illuminate\\Console\\Command->run()
#25 C:\\Users\\claud\\OneDrive\\Documentos\\Alura PHP\\api-series\\vendor\\symfony\\console\\Application.php(295): Symfony\\Component\\Console\\Application->doRunCommand()
#26 C:\\Users\\claud\\OneDrive\\Documentos\\Alura PHP\\api-series\\vendor\\symfony\\console\\Application.php(167): Symfony\\Component\\Console\\Application->doRun()
#27 C:\\Users\\claud\\OneDrive\\Documentos\\Alura PHP\\api-series\\vendor\\illuminate\\console\\Application.php(94): Symfony\\Component\\Console\\Application->run()
#28 C:\\Users\\claud\\OneDrive\\Documentos\\Alura PHP\\api-series\\vendor\\laravel\\lumen-framework\\src\\Console\\Kernel.php(116): Illuminate\\Console\\Application->run()
#29 C:\\Users\\claud\\OneDrive\\Documentos\\Alura PHP\\api-series\\artisan(35): Laravel\\Lumen\\Console\\Kernel->handle()
#30 {main}
"} 
[2021-11-17 16:55:59] local.ERROR: Target class [UsuarioSeeder] does not exist. {"exception":"[object] (Illuminate\\Contracts\\Container\\BindingResolutionException(code: 0): Target class [UsuarioSeeder] does not exist. at C:\\Users\\claud\\OneDrive\\Documentos\\Alura PHP\\api-series\\vendor\\illuminate\\container\\Container.php:879)
[stacktrace]
#0 C:\\Users\\claud\\OneDrive\\Documentos\\Alura PHP\\api-series\\vendor\\illuminate\\container\\Container.php(758): Illuminate\\Container\\Container->build()
#1 C:\\Users\\claud\\OneDrive\\Documentos\\Alura PHP\\api-series\\vendor\\illuminate\\container\\Container.php(694): Illuminate\\Container\\Container->resolve()
#2 C:\\Users\\claud\\OneDrive\\Documentos\\Alura PHP\\api-series\\vendor\\laravel\\lumen-framework\\src\\Application.php(300): Illuminate\\Container\\Container->make()
#3 C:\\Users\\claud\\OneDrive\\Documentos\\Alura PHP\\api-series\\vendor\\illuminate\\database\\Seeder.php(94): Laravel\\Lumen\\Application->make()
#4 C:\\Users\\claud\\OneDrive\\Documentos\\Alura PHP\\api-series\\vendor\\illuminate\\database\\Seeder.php(39): Illuminate\\Database\\Seeder->resolve()
#5 C:\\Users\\claud\\OneDrive\\Documentos\\Alura PHP\\api-series\\database\\seeders\\DatabaseSeeder.php(16): Illuminate\\Database\\Seeder->call()
#6 C:\\Users\\claud\\OneDrive\\Documentos\\Alura PHP\\api-series\\vendor\\illuminate\\container\\BoundMethod.php(36): Database\\Seeders\\DatabaseSeeder->run()
#7 C:\\Users\\claud\\OneDrive\\Documentos\\Alura PHP\\api-series\\vendor\\illuminate\\container\\Util.php(40): Illuminate\\Container\\BoundMethod::Illuminate\\Container\\{closure}()
#8 C:\\Users\\claud\\OneDrive\\Documentos\\Alura PHP\\api-series\\vendor\\illuminate\\container\\BoundMethod.php(93): Illuminate\\Container\\Util::unwrapIfClosure()
#9 C:\\Users\\claud\\OneDrive\\Documentos\\Alura PHP\\api-series\\vendor\\illuminate\\container\\BoundMethod.php(37): Illuminate\\Container\\BoundMethod::callBoundMethod()
#10 C:\\Users\\claud\\OneDrive\\Documentos\\Alura PHP\\api-series\\vendor\\illuminate\\container\\Container.php(653): Illuminate\\Container\\BoundMethod::call()
#11 C:\\Users\\claud\\OneDrive\\Documentos\\Alura PHP\\api-series\\vendor\\illuminate\\database\\Seeder.php(149): Illuminate\\Container\\Container->call()
#12 C:\\Users\\claud\\OneDrive\\Documentos\\Alura PHP\\api-series\\vendor\\illuminate\\database\\Console\\Seeds\\SeedCommand.php(66): Illuminate\\Database\\Seeder->__invoke()
#13 C:\\Users\\claud\\OneDrive\\Documentos\\Alura PHP\\api-series\\vendor\\illuminate\\database\\Eloquent\\Concerns\\GuardsAttributes.php(157): Illuminate\\Database\\Console\\Seeds\\SeedCommand->Illuminate\\Database\\Console\\Seeds\\{closure}()
#14 C:\\Users\\claud\\OneDrive\\Documentos\\Alura PHP\\api-series\\vendor\\illuminate\\database\\Console\\Seeds\\SeedCommand.php(67): Illuminate\\Database\\Eloquent\\Model::unguarded()
#15 C:\\Users\\claud\\OneDrive\\Documentos\\Alura PHP\\api-series\\vendor\\illuminate\\container\\BoundMethod.php(36): Illuminate\\Database\\Console\\Seeds\\SeedCommand->handle()
#16 C:\\Users\\claud\\OneDrive\\Documentos\\Alura PHP\\api-series\\vendor\\illuminate\\container\\Util.php(40): Illuminate\\Container\\BoundMethod::Illuminate\\Container\\{closure}()
#17 C:\\Users\\claud\\OneDrive\\Documentos\\Alura PHP\\api-series\\vendor\\illuminate\\container\\BoundMethod.php(93): Illuminate\\Container\\Util::unwrapIfClosure()
#18 C:\\Users\\claud\\OneDrive\\Documentos\\Alura PHP\\api-series\\vendor\\illuminate\\container\\BoundMethod.php(37): Illuminate\\Container\\BoundMethod::callBoundMethod()
#19 C:\\Users\\claud\\OneDrive\\Documentos\\Alura PHP\\api-series\\vendor\\illuminate\\container\\Container.php(653): Illuminate\\Container\\BoundMethod::call()
#20 C:\\Users\\claud\\OneDrive\\Documentos\\Alura PHP\\api-series\\vendor\\illuminate\\console\\Command.php(136): Illuminate\\Container\\Container->call()
#21 C:\\Users\\claud\\OneDrive\\Documentos\\Alura PHP\\api-series\\vendor\\symfony\\console\\Command\\Command.php(299): Illuminate\\Console\\Command->execute()
#22 C:\\Users\\claud\\OneDrive\\Documentos\\Alura PHP\\api-series\\vendor\\illuminate\\console\\Command.php(121): Symfony\\Component\\Console\\Command\\Command->run()
#23 C:\\Users\\claud\\OneDrive\\Documentos\\Alura PHP\\api-series\\vendor\\symfony\\console\\Application.php(978): Illuminate\\Console\\Command->run()
#24 C:\\Users\\claud\\OneDrive\\Documentos\\Alura PHP\\api-series\\vendor\\symfony\\console\\Application.php(295): Symfony\\Component\\Console\\Application->doRunCommand()
#25 C:\\Users\\claud\\OneDrive\\Documentos\\Alura PHP\\api-series\\vendor\\symfony\\console\\Application.php(167): Symfony\\Component\\Console\\Application->doRun()
#26 C:\\Users\\claud\\OneDrive\\Documentos\\Alura PHP\\api-series\\vendor\\illuminate\\console\\Application.php(94): Symfony\\Component\\Console\\Application->run()
#27 C:\\Users\\claud\\OneDrive\\Documentos\\Alura PHP\\api-series\\vendor\\laravel\\lumen-framework\\src\\Console\\Kernel.php(116): Illuminate\\Console\\Application->run()
#28 C:\\Users\\claud\\OneDrive\\Documentos\\Alura PHP\\api-series\\artisan(35): Laravel\\Lumen\\Console\\Kernel->handle()
#29 {main}

[previous exception] [object] (ReflectionException(code: -1): Class \"UsuarioSeeder\" does not exist at C:\\Users\\claud\\OneDrive\\Documentos\\Alura PHP\\api-series\\vendor\\illuminate\\container\\Container.php:877)
[stacktrace]
#0 C:\\Users\\claud\\OneDrive\\Documentos\\Alura PHP\\api-series\\vendor\\illuminate\\container\\Container.php(877): ReflectionClass->__construct()
#1 C:\\Users\\claud\\OneDrive\\Documentos\\Alura PHP\\api-series\\vendor\\illuminate\\container\\Container.php(758): Illuminate\\Container\\Container->build()
#2 C:\\Users\\claud\\OneDrive\\Documentos\\Alura PHP\\api-series\\vendor\\illuminate\\container\\Container.php(694): Illuminate\\Container\\Container->resolve()
#3 C:\\Users\\claud\\OneDrive\\Documentos\\Alura PHP\\api-series\\vendor\\laravel\\lumen-framework\\src\\Application.php(300): Illuminate\\Container\\Container->make()
#4 C:\\Users\\claud\\OneDrive\\Documentos\\Alura PHP\\api-series\\vendor\\illuminate\\database\\Seeder.php(94): Laravel\\Lumen\\Application->make()
#5 C:\\Users\\claud\\OneDrive\\Documentos\\Alura PHP\\api-series\\vendor\\illuminate\\database\\Seeder.php(39): Illuminate\\Database\\Seeder->resolve()
#6 C:\\Users\\claud\\OneDrive\\Documentos\\Alura PHP\\api-series\\database\\seeders\\DatabaseSeeder.php(16): Illuminate\\Database\\Seeder->call()
#7 C:\\Users\\claud\\OneDrive\\Documentos\\Alura PHP\\api-series\\vendor\\illuminate\\container\\BoundMethod.php(36): Database\\Seeders\\DatabaseSeeder->run()
#8 C:\\Users\\claud\\OneDrive\\Documentos\\Alura PHP\\api-series\\vendor\\illuminate\\container\\Util.php(40): Illuminate\\Container\\BoundMethod::Illuminate\\Container\\{closure}()
#9 C:\\Users\\claud\\OneDrive\\Documentos\\Alura PHP\\api-series\\vendor\\illuminate\\container\\BoundMethod.php(93): Illuminate\\Container\\Util::unwrapIfClosure()
#10 C:\\Users\\claud\\OneDrive\\Documentos\\Alura PHP\\api-series\\vendor\\illuminate\\container\\BoundMethod.php(37): Illuminate\\Container\\BoundMethod::callBoundMethod()
#11 C:\\Users\\claud\\OneDrive\\Documentos\\Alura PHP\\api-series\\vendor\\illuminate\\container\\Container.php(653): Illuminate\\Container\\BoundMethod::call()
#12 C:\\Users\\claud\\OneDrive\\Documentos\\Alura PHP\\api-series\\vendor\\illuminate\\database\\Seeder.php(149): Illuminate\\Container\\Container->call()
#13 C:\\Users\\claud\\OneDrive\\Documentos\\Alura PHP\\api-series\\vendor\\illuminate\\database\\Console\\Seeds\\SeedCommand.php(66): Illuminate\\Database\\Seeder->__invoke()
#14 C:\\Users\\claud\\OneDrive\\Documentos\\Alura PHP\\api-series\\vendor\\illuminate\\database\\Eloquent\\Concerns\\GuardsAttributes.php(157): Illuminate\\Database\\Console\\Seeds\\SeedCommand->Illuminate\\Database\\Console\\Seeds\\{closure}()
#15 C:\\Users\\claud\\OneDrive\\Documentos\\Alura PHP\\api-series\\vendor\\illuminate\\database\\Console\\Seeds\\SeedCommand.php(67): Illuminate\\Database\\Eloquent\\Model::unguarded()
#16 C:\\Users\\claud\\OneDrive\\Documentos\\Alura PHP\\api-series\\vendor\\illuminate\\container\\BoundMethod.php(36): Illuminate\\Database\\Console\\Seeds\\SeedCommand->handle()
#17 C:\\Users\\claud\\OneDrive\\Documentos\\Alura PHP\\api-series\\vendor\\illuminate\\container\\Util.php(40): Illuminate\\Container\\BoundMethod::Illuminate\\Container\\{closure}()
#18 C:\\Users\\claud\\OneDrive\\Documentos\\Alura PHP\\api-series\\vendor\\illuminate\\container\\BoundMethod.php(93): Illuminate\\Container\\Util::unwrapIfClosure()
#19 C:\\Users\\claud\\OneDrive\\Documentos\\Alura PHP\\api-series\\vendor\\illuminate\\container\\BoundMethod.php(37): Illuminate\\Container\\BoundMethod::callBoundMethod()
#20 C:\\Users\\claud\\OneDrive\\Documentos\\Alura PHP\\api-series\\vendor\\illuminate\\container\\Container.php(653): Illuminate\\Container\\BoundMethod::call()
#21 C:\\Users\\claud\\OneDrive\\Documentos\\Alura PHP\\api-series\\vendor\\illuminate\\console\\Command.php(136): Illuminate\\Container\\Container->call()
#22 C:\\Users\\claud\\OneDrive\\Documentos\\Alura PHP\\api-series\\vendor\\symfony\\console\\Command\\Command.php(299): Illuminate\\Console\\Command->execute()
#23 C:\\Users\\claud\\OneDrive\\Documentos\\Alura PHP\\api-series\\vendor\\illuminate\\console\\Command.php(121): Symfony\\Component\\Console\\Command\\Command->run()
#24 C:\\Users\\claud\\OneDrive\\Documentos\\Alura PHP\\api-series\\vendor\\symfony\\console\\Application.php(978): Illuminate\\Console\\Command->run()
#25 C:\\Users\\claud\\OneDrive\\Documentos\\Alura PHP\\api-series\\vendor\\symfony\\console\\Application.php(295): Symfony\\Component\\Console\\Application->doRunCommand()
#26 C:\\Users\\claud\\OneDrive\\Documentos\\Alura PHP\\api-series\\vendor\\symfony\\console\\Application.php(167): Symfony\\Component\\Console\\Application->doRun()
#27 C:\\Users\\claud\\OneDrive\\Documentos\\Alura PHP\\api-series\\vendor\\illuminate\\console\\Application.php(94): Symfony\\Component\\Console\\Application->run()
#28 C:\\Users\\claud\\OneDrive\\Documentos\\Alura PHP\\api-series\\vendor\\laravel\\lumen-framework\\src\\Console\\Kernel.php(116): Illuminate\\Console\\Application->run()
#29 C:\\Users\\claud\\OneDrive\\Documentos\\Alura PHP\\api-series\\artisan(35): Laravel\\Lumen\\Console\\Kernel->handle()
#30 {main}
"} 
[2021-11-17 17:01:23] local.ERROR: Target class [UsuarioSeeder] does not exist. {"exception":"[object] (Illuminate\\Contracts\\Container\\BindingResolutionException(code: 0): Target class [UsuarioSeeder] does not exist. at C:\\Users\\claud\\OneDrive\\Documentos\\Alura PHP\\api-series\\vendor\\illuminate\\container\\Container.php:879)
[stacktrace]
#0 C:\\Users\\claud\\OneDrive\\Documentos\\Alura PHP\\api-series\\vendor\\illuminate\\container\\Container.php(758): Illuminate\\Container\\Container->build()
#1 C:\\Users\\claud\\OneDrive\\Documentos\\Alura PHP\\api-series\\vendor\\illuminate\\container\\Container.php(694): Illuminate\\Container\\Container->resolve()
#2 C:\\Users\\claud\\OneDrive\\Documentos\\Alura PHP\\api-series\\vendor\\laravel\\lumen-framework\\src\\Application.php(300): Illuminate\\Container\\Container->make()
#3 C:\\Users\\claud\\OneDrive\\Documentos\\Alura PHP\\api-series\\vendor\\illuminate\\database\\Seeder.php(94): Laravel\\Lumen\\Application->make()
#4 C:\\Users\\claud\\OneDrive\\Documentos\\Alura PHP\\api-series\\vendor\\illuminate\\database\\Seeder.php(39): Illuminate\\Database\\Seeder->resolve()
#5 C:\\Users\\claud\\OneDrive\\Documentos\\Alura PHP\\api-series\\database\\seeders\\DatabaseSeeder.php(16): Illuminate\\Database\\Seeder->call()
#6 C:\\Users\\claud\\OneDrive\\Documentos\\Alura PHP\\api-series\\vendor\\illuminate\\container\\BoundMethod.php(36): Database\\Seeders\\DatabaseSeeder->run()
#7 C:\\Users\\claud\\OneDrive\\Documentos\\Alura PHP\\api-series\\vendor\\illuminate\\container\\Util.php(40): Illuminate\\Container\\BoundMethod::Illuminate\\Container\\{closure}()
#8 C:\\Users\\claud\\OneDrive\\Documentos\\Alura PHP\\api-series\\vendor\\illuminate\\container\\BoundMethod.php(93): Illuminate\\Container\\Util::unwrapIfClosure()
#9 C:\\Users\\claud\\OneDrive\\Documentos\\Alura PHP\\api-series\\vendor\\illuminate\\container\\BoundMethod.php(37): Illuminate\\Container\\BoundMethod::callBoundMethod()
#10 C:\\Users\\claud\\OneDrive\\Documentos\\Alura PHP\\api-series\\vendor\\illuminate\\container\\Container.php(653): Illuminate\\Container\\BoundMethod::call()
#11 C:\\Users\\claud\\OneDrive\\Documentos\\Alura PHP\\api-series\\vendor\\illuminate\\database\\Seeder.php(149): Illuminate\\Container\\Container->call()
#12 C:\\Users\\claud\\OneDrive\\Documentos\\Alura PHP\\api-series\\vendor\\illuminate\\database\\Console\\Seeds\\SeedCommand.php(66): Illuminate\\Database\\Seeder->__invoke()
#13 C:\\Users\\claud\\OneDrive\\Documentos\\Alura PHP\\api-series\\vendor\\illuminate\\database\\Eloquent\\Concerns\\GuardsAttributes.php(157): Illuminate\\Database\\Console\\Seeds\\SeedCommand->Illuminate\\Database\\Console\\Seeds\\{closure}()
#14 C:\\Users\\claud\\OneDrive\\Documentos\\Alura PHP\\api-series\\vendor\\illuminate\\database\\Console\\Seeds\\SeedCommand.php(67): Illuminate\\Database\\Eloquent\\Model::unguarded()
#15 C:\\Users\\claud\\OneDrive\\Documentos\\Alura PHP\\api-series\\vendor\\illuminate\\container\\BoundMethod.php(36): Illuminate\\Database\\Console\\Seeds\\SeedCommand->handle()
#16 C:\\Users\\claud\\OneDrive\\Documentos\\Alura PHP\\api-series\\vendor\\illuminate\\container\\Util.php(40): Illuminate\\Container\\BoundMethod::Illuminate\\Container\\{closure}()
#17 C:\\Users\\claud\\OneDrive\\Documentos\\Alura PHP\\api-series\\vendor\\illuminate\\container\\BoundMethod.php(93): Illuminate\\Container\\Util::unwrapIfClosure()
#18 C:\\Users\\claud\\OneDrive\\Documentos\\Alura PHP\\api-series\\vendor\\illuminate\\container\\BoundMethod.php(37): Illuminate\\Container\\BoundMethod::callBoundMethod()
#19 C:\\Users\\claud\\OneDrive\\Documentos\\Alura PHP\\api-series\\vendor\\illuminate\\container\\Container.php(653): Illuminate\\Container\\BoundMethod::call()
#20 C:\\Users\\claud\\OneDrive\\Documentos\\Alura PHP\\api-series\\vendor\\illuminate\\console\\Command.php(136): Illuminate\\Container\\Container->call()
#21 C:\\Users\\claud\\OneDrive\\Documentos\\Alura PHP\\api-series\\vendor\\symfony\\console\\Command\\Command.php(299): Illuminate\\Console\\Command->execute()
#22 C:\\Users\\claud\\OneDrive\\Documentos\\Alura PHP\\api-series\\vendor\\illuminate\\console\\Command.php(121): Symfony\\Component\\Console\\Command\\Command->run()
#23 C:\\Users\\claud\\OneDrive\\Documentos\\Alura PHP\\api-series\\vendor\\symfony\\console\\Application.php(978): Illuminate\\Console\\Command->run()
#24 C:\\Users\\claud\\OneDrive\\Documentos\\Alura PHP\\api-series\\vendor\\symfony\\console\\Application.php(295): Symfony\\Component\\Console\\Application->doRunCommand()
#25 C:\\Users\\claud\\OneDrive\\Documentos\\Alura PHP\\api-series\\vendor\\symfony\\console\\Application.php(167): Symfony\\Component\\Console\\Application->doRun()
#26 C:\\Users\\claud\\OneDrive\\Documentos\\Alura PHP\\api-series\\vendor\\illuminate\\console\\Application.php(94): Symfony\\Component\\Console\\Application->run()
#27 C:\\Users\\claud\\OneDrive\\Documentos\\Alura PHP\\api-series\\vendor\\laravel\\lumen-framework\\src\\Console\\Kernel.php(116): Illuminate\\Console\\Application->run()
#28 C:\\Users\\claud\\OneDrive\\Documentos\\Alura PHP\\api-series\\artisan(35): Laravel\\Lumen\\Console\\Kernel->handle()
#29 {main}

[previous exception] [object] (ReflectionException(code: -1): Class \"UsuarioSeeder\" does not exist at C:\\Users\\claud\\OneDrive\\Documentos\\Alura PHP\\api-series\\vendor\\illuminate\\container\\Container.php:877)
[stacktrace]
#0 C:\\Users\\claud\\OneDrive\\Documentos\\Alura PHP\\api-series\\vendor\\illuminate\\container\\Container.php(877): ReflectionClass->__construct()
#1 C:\\Users\\claud\\OneDrive\\Documentos\\Alura PHP\\api-series\\vendor\\illuminate\\container\\Container.php(758): Illuminate\\Container\\Container->build()
#2 C:\\Users\\claud\\OneDrive\\Documentos\\Alura PHP\\api-series\\vendor\\illuminate\\container\\Container.php(694): Illuminate\\Container\\Container->resolve()
#3 C:\\Users\\claud\\OneDrive\\Documentos\\Alura PHP\\api-series\\vendor\\laravel\\lumen-framework\\src\\Application.php(300): Illuminate\\Container\\Container->make()
#4 C:\\Users\\claud\\OneDrive\\Documentos\\Alura PHP\\api-series\\vendor\\illuminate\\database\\Seeder.php(94): Laravel\\Lumen\\Application->make()
#5 C:\\Users\\claud\\OneDrive\\Documentos\\Alura PHP\\api-series\\vendor\\illuminate\\database\\Seeder.php(39): Illuminate\\Database\\Seeder->resolve()
#6 C:\\Users\\claud\\OneDrive\\Documentos\\Alura PHP\\api-series\\database\\seeders\\DatabaseSeeder.php(16): Illuminate\\Database\\Seeder->call()
#7 C:\\Users\\claud\\OneDrive\\Documentos\\Alura PHP\\api-series\\vendor\\illuminate\\container\\BoundMethod.php(36): Database\\Seeders\\DatabaseSeeder->run()
#8 C:\\Users\\claud\\OneDrive\\Documentos\\Alura PHP\\api-series\\vendor\\illuminate\\container\\Util.php(40): Illuminate\\Container\\BoundMethod::Illuminate\\Container\\{closure}()
#9 C:\\Users\\claud\\OneDrive\\Documentos\\Alura PHP\\api-series\\vendor\\illuminate\\container\\BoundMethod.php(93): Illuminate\\Container\\Util::unwrapIfClosure()
#10 C:\\Users\\claud\\OneDrive\\Documentos\\Alura PHP\\api-series\\vendor\\illuminate\\container\\BoundMethod.php(37): Illuminate\\Container\\BoundMethod::callBoundMethod()
#11 C:\\Users\\claud\\OneDrive\\Documentos\\Alura PHP\\api-series\\vendor\\illuminate\\container\\Container.php(653): Illuminate\\Container\\BoundMethod::call()
#12 C:\\Users\\claud\\OneDrive\\Documentos\\Alura PHP\\api-series\\vendor\\illuminate\\database\\Seeder.php(149): Illuminate\\Container\\Container->call()
#13 C:\\Users\\claud\\OneDrive\\Documentos\\Alura PHP\\api-series\\vendor\\illuminate\\database\\Console\\Seeds\\SeedCommand.php(66): Illuminate\\Database\\Seeder->__invoke()
#14 C:\\Users\\claud\\OneDrive\\Documentos\\Alura PHP\\api-series\\vendor\\illuminate\\database\\Eloquent\\Concerns\\GuardsAttributes.php(157): Illuminate\\Database\\Console\\Seeds\\SeedCommand->Illuminate\\Database\\Console\\Seeds\\{closure}()
#15 C:\\Users\\claud\\OneDrive\\Documentos\\Alura PHP\\api-series\\vendor\\illuminate\\database\\Console\\Seeds\\SeedCommand.php(67): Illuminate\\Database\\Eloquent\\Model::unguarded()
#16 C:\\Users\\claud\\OneDrive\\Documentos\\Alura PHP\\api-series\\vendor\\illuminate\\container\\BoundMethod.php(36): Illuminate\\Database\\Console\\Seeds\\SeedCommand->handle()
#17 C:\\Users\\claud\\OneDrive\\Documentos\\Alura PHP\\api-series\\vendor\\illuminate\\container\\Util.php(40): Illuminate\\Container\\BoundMethod::Illuminate\\Container\\{closure}()
#18 C:\\Users\\claud\\OneDrive\\Documentos\\Alura PHP\\api-series\\vendor\\illuminate\\container\\BoundMethod.php(93): Illuminate\\Container\\Util::unwrapIfClosure()
#19 C:\\Users\\claud\\OneDrive\\Documentos\\Alura PHP\\api-series\\vendor\\illuminate\\container\\BoundMethod.php(37): Illuminate\\Container\\BoundMethod::callBoundMethod()
#20 C:\\Users\\claud\\OneDrive\\Documentos\\Alura PHP\\api-series\\vendor\\illuminate\\container\\Container.php(653): Illuminate\\Container\\BoundMethod::call()
#21 C:\\Users\\claud\\OneDrive\\Documentos\\Alura PHP\\api-series\\vendor\\illuminate\\console\\Command.php(136): Illuminate\\Container\\Container->call()
#22 C:\\Users\\claud\\OneDrive\\Documentos\\Alura PHP\\api-series\\vendor\\symfony\\console\\Command\\Command.php(299): Illuminate\\Console\\Command->execute()
#23 C:\\Users\\claud\\OneDrive\\Documentos\\Alura PHP\\api-series\\vendor\\illuminate\\console\\Command.php(121): Symfony\\Component\\Console\\Command\\Command->run()
#24 C:\\Users\\claud\\OneDrive\\Documentos\\Alura PHP\\api-series\\vendor\\symfony\\console\\Application.php(978): Illuminate\\Console\\Command->run()
#25 C:\\Users\\claud\\OneDrive\\Documentos\\Alura PHP\\api-series\\vendor\\symfony\\console\\Application.php(295): Symfony\\Component\\Console\\Application->doRunCommand()
#26 C:\\Users\\claud\\OneDrive\\Documentos\\Alura PHP\\api-series\\vendor\\symfony\\console\\Application.php(167): Symfony\\Component\\Console\\Application->doRun()
#27 C:\\Users\\claud\\OneDrive\\Documentos\\Alura PHP\\api-series\\vendor\\illuminate\\console\\Application.php(94): Symfony\\Component\\Console\\Application->run()
#28 C:\\Users\\claud\\OneDrive\\Documentos\\Alura PHP\\api-series\\vendor\\laravel\\lumen-framework\\src\\Console\\Kernel.php(116): Illuminate\\Console\\Application->run()
#29 C:\\Users\\claud\\OneDrive\\Documentos\\Alura PHP\\api-series\\artisan(35): Laravel\\Lumen\\Console\\Kernel->handle()
#30 {main}
"} 
[2021-11-17 17:07:37] local.ERROR: A facade root has not been set. {"exception":"[object] (RuntimeException(code: 0): A facade root has not been set. at C:\\Users\\claud\\OneDrive\\Documentos\\Alura PHP\\api-series\\vendor\\illuminate\\support\\Facades\\Facade.php:258)
[stacktrace]
#0 C:\\Users\\claud\\OneDrive\\Documentos\\Alura PHP\\api-series\\app\\Http\\Controllers\\TokenController.php(21): Illuminate\\Support\\Facades\\Facade::__callStatic()
#1 C:\\Users\\claud\\OneDrive\\Documentos\\Alura PHP\\api-series\\vendor\\illuminate\\container\\BoundMethod.php(36): App\\Http\\Controllers\\TokenController->geraToken()
#2 C:\\Users\\claud\\OneDrive\\Documentos\\Alura PHP\\api-series\\vendor\\illuminate\\container\\Util.php(40): Illuminate\\Container\\BoundMethod::Illuminate\\Container\\{closure}()
#3 C:\\Users\\claud\\OneDrive\\Documentos\\Alura PHP\\api-series\\vendor\\illuminate\\container\\BoundMethod.php(93): Illuminate\\Container\\Util::unwrapIfClosure()
#4 C:\\Users\\claud\\OneDrive\\Documentos\\Alura PHP\\api-series\\vendor\\illuminate\\container\\BoundMethod.php(37): Illuminate\\Container\\BoundMethod::callBoundMethod()
#5 C:\\Users\\claud\\OneDrive\\Documentos\\Alura PHP\\api-series\\vendor\\illuminate\\container\\Container.php(653): Illuminate\\Container\\BoundMethod::call()
#6 C:\\Users\\claud\\OneDrive\\Documentos\\Alura PHP\\api-series\\vendor\\laravel\\lumen-framework\\src\\Concerns\\RoutesRequests.php(389): Illuminate\\Container\\Container->call()
#7 C:\\Users\\claud\\OneDrive\\Documentos\\Alura PHP\\api-series\\vendor\\laravel\\lumen-framework\\src\\Concerns\\RoutesRequests.php(355): Laravel\\Lumen\\Application->callControllerCallable()
#8 C:\\Users\\claud\\OneDrive\\Documentos\\Alura PHP\\api-series\\vendor\\laravel\\lumen-framework\\src\\Concerns\\RoutesRequests.php(329): Laravel\\Lumen\\Application->callLumenController()
#9 C:\\Users\\claud\\OneDrive\\Documentos\\Alura PHP\\api-series\\vendor\\laravel\\lumen-framework\\src\\Concerns\\RoutesRequests.php(282): Laravel\\Lumen\\Application->callControllerAction()
#10 C:\\Users\\claud\\OneDrive\\Documentos\\Alura PHP\\api-series\\vendor\\laravel\\lumen-framework\\src\\Concerns\\RoutesRequests.php(267): Laravel\\Lumen\\Application->callActionOnArrayBasedRoute()
#11 C:\\Users\\claud\\OneDrive\\Documentos\\Alura PHP\\api-series\\vendor\\laravel\\lumen-framework\\src\\Concerns\\RoutesRequests.php(169): Laravel\\Lumen\\Application->handleFoundRoute()
#12 C:\\Users\\claud\\OneDrive\\Documentos\\Alura PHP\\api-series\\vendor\\laravel\\lumen-framework\\src\\Concerns\\RoutesRequests.php(429): Laravel\\Lumen\\Application->Laravel\\Lumen\\Concerns\\{closure}()
#13 C:\\Users\\claud\\OneDrive\\Documentos\\Alura PHP\\api-series\\vendor\\laravel\\lumen-framework\\src\\Concerns\\RoutesRequests.php(175): Laravel\\Lumen\\Application->sendThroughPipeline()
#14 C:\\Users\\claud\\OneDrive\\Documentos\\Alura PHP\\api-series\\vendor\\laravel\\lumen-framework\\src\\Concerns\\RoutesRequests.php(112): Laravel\\Lumen\\Application->dispatch()
#15 C:\\Users\\claud\\OneDrive\\Documentos\\Alura PHP\\api-series\\public\\index.php(28): Laravel\\Lumen\\Application->run()
#16 {main}
"} 
[2021-11-17 17:24:57] local.ERROR: Cannot use object of type stdClass as array {"exception":"[object] (Error(code: 0): Cannot use object of type stdClass as array at C:\\Users\\claud\\OneDrive\\Documentos\\Alura PHP\\api-series\\app\\Providers\\AuthServiceProvider.php:45)
[stacktrace]
#0 [internal function]: App\\Providers\\AuthServiceProvider->App\\Providers\\{closure}()
#1 C:\\Users\\claud\\OneDrive\\Documentos\\Alura PHP\\api-series\\vendor\\illuminate\\auth\\RequestGuard.php(58): call_user_func()
#2 C:\\Users\\claud\\OneDrive\\Documentos\\Alura PHP\\api-series\\vendor\\illuminate\\auth\\GuardHelpers.php(60): Illuminate\\Auth\\RequestGuard->user()
#3 C:\\Users\\claud\\OneDrive\\Documentos\\Alura PHP\\api-series\\vendor\\illuminate\\auth\\GuardHelpers.php(70): Illuminate\\Auth\\RequestGuard->check()
#4 C:\\Users\\claud\\OneDrive\\Documentos\\Alura PHP\\api-series\\app\\Http\\Middleware\\Authenticate.php(38): Illuminate\\Auth\\RequestGuard->guest()
#5 C:\\Users\\claud\\OneDrive\\Documentos\\Alura PHP\\api-series\\vendor\\illuminate\\pipeline\\Pipeline.php(167): App\\Http\\Middleware\\Authenticate->handle()
#6 C:\\Users\\claud\\OneDrive\\Documentos\\Alura PHP\\api-series\\vendor\\laravel\\lumen-framework\\src\\Routing\\Pipeline.php(30): Illuminate\\Pipeline\\Pipeline->Illuminate\\Pipeline\\{closure}()
#7 C:\\Users\\claud\\OneDrive\\Documentos\\Alura PHP\\api-series\\vendor\\illuminate\\pipeline\\Pipeline.php(103): Laravel\\Lumen\\Routing\\Pipeline->Laravel\\Lumen\\Routing\\{closure}()
#8 C:\\Users\\claud\\OneDrive\\Documentos\\Alura PHP\\api-series\\vendor\\laravel\\lumen-framework\\src\\Concerns\\RoutesRequests.php(426): Illuminate\\Pipeline\\Pipeline->then()
#9 C:\\Users\\claud\\OneDrive\\Documentos\\Alura PHP\\api-series\\vendor\\laravel\\lumen-framework\\src\\Concerns\\RoutesRequests.php(263): Laravel\\Lumen\\Application->sendThroughPipeline()
#10 C:\\Users\\claud\\OneDrive\\Documentos\\Alura PHP\\api-series\\vendor\\laravel\\lumen-framework\\src\\Concerns\\RoutesRequests.php(169): Laravel\\Lumen\\Application->handleFoundRoute()
#11 C:\\Users\\claud\\OneDrive\\Documentos\\Alura PHP\\api-series\\vendor\\laravel\\lumen-framework\\src\\Concerns\\RoutesRequests.php(429): Laravel\\Lumen\\Application->Laravel\\Lumen\\Concerns\\{closure}()
#12 C:\\Users\\claud\\OneDrive\\Documentos\\Alura PHP\\api-series\\vendor\\laravel\\lumen-framework\\src\\Concerns\\RoutesRequests.php(175): Laravel\\Lumen\\Application->sendThroughPipeline()
#13 C:\\Users\\claud\\OneDrive\\Documentos\\Alura PHP\\api-series\\vendor\\laravel\\lumen-framework\\src\\Concerns\\RoutesRequests.php(112): Laravel\\Lumen\\Application->dispatch()
#14 C:\\Users\\claud\\OneDrive\\Documentos\\Alura PHP\\api-series\\public\\index.php(28): Laravel\\Lumen\\Application->run()
#15 {main}
"} 
[2021-11-17 17:25:16] local.ERROR: Cannot use object of type stdClass as array {"exception":"[object] (Error(code: 0): Cannot use object of type stdClass as array at C:\\Users\\claud\\OneDrive\\Documentos\\Alura PHP\\api-series\\app\\Providers\\AuthServiceProvider.php:45)
[stacktrace]
#0 [internal function]: App\\Providers\\AuthServiceProvider->App\\Providers\\{closure}()
#1 C:\\Users\\claud\\OneDrive\\Documentos\\Alura PHP\\api-series\\vendor\\illuminate\\auth\\RequestGuard.php(58): call_user_func()
#2 C:\\Users\\claud\\OneDrive\\Documentos\\Alura PHP\\api-series\\vendor\\illuminate\\auth\\GuardHelpers.php(60): Illuminate\\Auth\\RequestGuard->user()
#3 C:\\Users\\claud\\OneDrive\\Documentos\\Alura PHP\\api-series\\vendor\\illuminate\\auth\\GuardHelpers.php(70): Illuminate\\Auth\\RequestGuard->check()
#4 C:\\Users\\claud\\OneDrive\\Documentos\\Alura PHP\\api-series\\app\\Http\\Middleware\\Authenticate.php(38): Illuminate\\Auth\\RequestGuard->guest()
#5 C:\\Users\\claud\\OneDrive\\Documentos\\Alura PHP\\api-series\\vendor\\illuminate\\pipeline\\Pipeline.php(167): App\\Http\\Middleware\\Authenticate->handle()
#6 C:\\Users\\claud\\OneDrive\\Documentos\\Alura PHP\\api-series\\vendor\\laravel\\lumen-framework\\src\\Routing\\Pipeline.php(30): Illuminate\\Pipeline\\Pipeline->Illuminate\\Pipeline\\{closure}()
#7 C:\\Users\\claud\\OneDrive\\Documentos\\Alura PHP\\api-series\\vendor\\illuminate\\pipeline\\Pipeline.php(103): Laravel\\Lumen\\Routing\\Pipeline->Laravel\\Lumen\\Routing\\{closure}()
#8 C:\\Users\\claud\\OneDrive\\Documentos\\Alura PHP\\api-series\\vendor\\laravel\\lumen-framework\\src\\Concerns\\RoutesRequests.php(426): Illuminate\\Pipeline\\Pipeline->then()
#9 C:\\Users\\claud\\OneDrive\\Documentos\\Alura PHP\\api-series\\vendor\\laravel\\lumen-framework\\src\\Concerns\\RoutesRequests.php(263): Laravel\\Lumen\\Application->sendThroughPipeline()
#10 C:\\Users\\claud\\OneDrive\\Documentos\\Alura PHP\\api-series\\vendor\\laravel\\lumen-framework\\src\\Concerns\\RoutesRequests.php(169): Laravel\\Lumen\\Application->handleFoundRoute()
#11 C:\\Users\\claud\\OneDrive\\Documentos\\Alura PHP\\api-series\\vendor\\laravel\\lumen-framework\\src\\Concerns\\RoutesRequests.php(429): Laravel\\Lumen\\Application->Laravel\\Lumen\\Concerns\\{closure}()
#12 C:\\Users\\claud\\OneDrive\\Documentos\\Alura PHP\\api-series\\vendor\\laravel\\lumen-framework\\src\\Concerns\\RoutesRequests.php(175): Laravel\\Lumen\\Application->sendThroughPipeline()
#13 C:\\Users\\claud\\OneDrive\\Documentos\\Alura PHP\\api-series\\vendor\\laravel\\lumen-framework\\src\\Concerns\\RoutesRequests.php(112): Laravel\\Lumen\\Application->dispatch()
#14 C:\\Users\\claud\\OneDrive\\Documentos\\Alura PHP\\api-series\\public\\index.php(28): Laravel\\Lumen\\Application->run()
#15 {main}
"} 
