[2021-11-12 16:11:59] local.ERROR: SQLSTATE[23000]: Integrity constraint violation: 19 NOT NULL constraint failed: series.nome (SQL: insert into "series" ("nome") values (?)) {"exception":"[object] (Illuminate\\Database\\QueryException(code: 23000): SQLSTATE[23000]: Integrity constraint violation: 19 NOT NULL constraint failed: series.nome (SQL: insert into \"series\" (\"nome\") values (?)) at C:\\Users\\claud\\OneDrive\\Documentos\\Alura PHP\\api-series\\vendor\\illuminate\\database\\Connection.php:703)
[stacktrace]
#0 C:\\Users\\claud\\OneDrive\\Documentos\\Alura PHP\\api-series\\vendor\\illuminate\\database\\Connection.php(663): Illuminate\\Database\\Connection->runQueryCallback()
#1 C:\\Users\\claud\\OneDrive\\Documentos\\Alura PHP\\api-series\\vendor\\illuminate\\database\\Connection.php(493): Illuminate\\Database\\Connection->run()
#2 C:\\Users\\claud\\OneDrive\\Documentos\\Alura PHP\\api-series\\vendor\\illuminate\\database\\Connection.php(445): Illuminate\\Database\\Connection->statement()
#3 C:\\Users\\claud\\OneDrive\\Documentos\\Alura PHP\\api-series\\vendor\\illuminate\\database\\Query\\Processors\\Processor.php(32): Illuminate\\Database\\Connection->insert()
#4 C:\\Users\\claud\\OneDrive\\Documentos\\Alura PHP\\api-series\\vendor\\illuminate\\database\\Query\\Builder.php(2965): Illuminate\\Database\\Query\\Processors\\Processor->processInsertGetId()
#5 C:\\Users\\claud\\OneDrive\\Documentos\\Alura PHP\\api-series\\vendor\\illuminate\\database\\Eloquent\\Builder.php(1641): Illuminate\\Database\\Query\\Builder->insertGetId()
#6 C:\\Users\\claud\\OneDrive\\Documentos\\Alura PHP\\api-series\\vendor\\illuminate\\database\\Eloquent\\Model.php(1188): Illuminate\\Database\\Eloquent\\Builder->__call()
#7 C:\\Users\\claud\\OneDrive\\Documentos\\Alura PHP\\api-series\\vendor\\illuminate\\database\\Eloquent\\Model.php(1153): Illuminate\\Database\\Eloquent\\Model->insertAndSetId()
#8 C:\\Users\\claud\\OneDrive\\Documentos\\Alura PHP\\api-series\\vendor\\illuminate\\database\\Eloquent\\Model.php(994): Illuminate\\Database\\Eloquent\\Model->performInsert()
#9 C:\\Users\\claud\\OneDrive\\Documentos\\Alura PHP\\api-series\\vendor\\illuminate\\database\\Eloquent\\Builder.php(884): Illuminate\\Database\\Eloquent\\Model->save()
#10 C:\\Users\\claud\\OneDrive\\Documentos\\Alura PHP\\api-series\\vendor\\illuminate\\support\\helpers.php(263): Illuminate\\Database\\Eloquent\\Builder->Illuminate\\Database\\Eloquent\\{closure}()
#11 C:\\Users\\claud\\OneDrive\\Documentos\\Alura PHP\\api-series\\vendor\\illuminate\\database\\Eloquent\\Builder.php(885): tap()
#12 C:\\Users\\claud\\OneDrive\\Documentos\\Alura PHP\\api-series\\vendor\\illuminate\\support\\Traits\\ForwardsCalls.php(23): Illuminate\\Database\\Eloquent\\Builder->create()
#13 C:\\Users\\claud\\OneDrive\\Documentos\\Alura PHP\\api-series\\vendor\\illuminate\\database\\Eloquent\\Model.php(2117): Illuminate\\Database\\Eloquent\\Model->forwardCallTo()
#14 C:\\Users\\claud\\OneDrive\\Documentos\\Alura PHP\\api-series\\vendor\\illuminate\\database\\Eloquent\\Model.php(2129): Illuminate\\Database\\Eloquent\\Model->__call()
#15 C:\\Users\\claud\\OneDrive\\Documentos\\Alura PHP\\api-series\\app\\Http\\Controllers\\SeriesController.php(17): Illuminate\\Database\\Eloquent\\Model::__callStatic()
#16 C:\\Users\\claud\\OneDrive\\Documentos\\Alura PHP\\api-series\\vendor\\illuminate\\container\\BoundMethod.php(36): App\\Http\\Controllers\\SeriesController->store()
#17 C:\\Users\\claud\\OneDrive\\Documentos\\Alura PHP\\api-series\\vendor\\illuminate\\container\\Util.php(40): Illuminate\\Container\\BoundMethod::Illuminate\\Container\\{closure}()
#18 C:\\Users\\claud\\OneDrive\\Documentos\\Alura PHP\\api-series\\vendor\\illuminate\\container\\BoundMethod.php(93): Illuminate\\Container\\Util::unwrapIfClosure()
#19 C:\\Users\\claud\\OneDrive\\Documentos\\Alura PHP\\api-series\\vendor\\illuminate\\container\\BoundMethod.php(37): Illuminate\\Container\\BoundMethod::callBoundMethod()
#20 C:\\Users\\claud\\OneDrive\\Documentos\\Alura PHP\\api-series\\vendor\\illuminate\\container\\Container.php(653): Illuminate\\Container\\BoundMethod::call()
#21 C:\\Users\\claud\\OneDrive\\Documentos\\Alura PHP\\api-series\\vendor\\laravel\\lumen-framework\\src\\Concerns\\RoutesRequests.php(389): Illuminate\\Container\\Container->call()
#22 C:\\Users\\claud\\OneDrive\\Documentos\\Alura PHP\\api-series\\vendor\\laravel\\lumen-framework\\src\\Concerns\\RoutesRequests.php(355): Laravel\\Lumen\\Application->callControllerCallable()
#23 C:\\Users\\claud\\OneDrive\\Documentos\\Alura PHP\\api-series\\vendor\\laravel\\lumen-framework\\src\\Concerns\\RoutesRequests.php(329): Laravel\\Lumen\\Application->callLumenController()
#24 C:\\Users\\claud\\OneDrive\\Documentos\\Alura PHP\\api-series\\vendor\\laravel\\lumen-framework\\src\\Concerns\\RoutesRequests.php(282): Laravel\\Lumen\\Application->callControllerAction()
#25 C:\\Users\\claud\\OneDrive\\Documentos\\Alura PHP\\api-series\\vendor\\laravel\\lumen-framework\\src\\Concerns\\RoutesRequests.php(267): Laravel\\Lumen\\Application->callActionOnArrayBasedRoute()
#26 C:\\Users\\claud\\OneDrive\\Documentos\\Alura PHP\\api-series\\vendor\\laravel\\lumen-framework\\src\\Concerns\\RoutesRequests.php(169): Laravel\\Lumen\\Application->handleFoundRoute()
#27 C:\\Users\\claud\\OneDrive\\Documentos\\Alura PHP\\api-series\\vendor\\laravel\\lumen-framework\\src\\Concerns\\RoutesRequests.php(429): Laravel\\Lumen\\Application->Laravel\\Lumen\\Concerns\\{closure}()
#28 C:\\Users\\claud\\OneDrive\\Documentos\\Alura PHP\\api-series\\vendor\\laravel\\lumen-framework\\src\\Concerns\\RoutesRequests.php(175): Laravel\\Lumen\\Application->sendThroughPipeline()
#29 C:\\Users\\claud\\OneDrive\\Documentos\\Alura PHP\\api-series\\vendor\\laravel\\lumen-framework\\src\\Concerns\\RoutesRequests.php(112): Laravel\\Lumen\\Application->dispatch()
#30 C:\\Users\\claud\\OneDrive\\Documentos\\Alura PHP\\api-series\\public\\index.php(28): Laravel\\Lumen\\Application->run()
#31 {main}

[previous exception] [object] (PDOException(code: 23000): SQLSTATE[23000]: Integrity constraint violation: 19 NOT NULL constraint failed: series.nome at C:\\Users\\claud\\OneDrive\\Documentos\\Alura PHP\\api-series\\vendor\\illuminate\\database\\Connection.php:492)
[stacktrace]
#0 C:\\Users\\claud\\OneDrive\\Documentos\\Alura PHP\\api-series\\vendor\\illuminate\\database\\Connection.php(492): PDOStatement->execute()
#1 C:\\Users\\claud\\OneDrive\\Documentos\\Alura PHP\\api-series\\vendor\\illuminate\\database\\Connection.php(696): Illuminate\\Database\\Connection->Illuminate\\Database\\{closure}()
#2 C:\\Users\\claud\\OneDrive\\Documentos\\Alura PHP\\api-series\\vendor\\illuminate\\database\\Connection.php(663): Illuminate\\Database\\Connection->runQueryCallback()
#3 C:\\Users\\claud\\OneDrive\\Documentos\\Alura PHP\\api-series\\vendor\\illuminate\\database\\Connection.php(493): Illuminate\\Database\\Connection->run()
#4 C:\\Users\\claud\\OneDrive\\Documentos\\Alura PHP\\api-series\\vendor\\illuminate\\database\\Connection.php(445): Illuminate\\Database\\Connection->statement()
#5 C:\\Users\\claud\\OneDrive\\Documentos\\Alura PHP\\api-series\\vendor\\illuminate\\database\\Query\\Processors\\Processor.php(32): Illuminate\\Database\\Connection->insert()
#6 C:\\Users\\claud\\OneDrive\\Documentos\\Alura PHP\\api-series\\vendor\\illuminate\\database\\Query\\Builder.php(2965): Illuminate\\Database\\Query\\Processors\\Processor->processInsertGetId()
#7 C:\\Users\\claud\\OneDrive\\Documentos\\Alura PHP\\api-series\\vendor\\illuminate\\database\\Eloquent\\Builder.php(1641): Illuminate\\Database\\Query\\Builder->insertGetId()
#8 C:\\Users\\claud\\OneDrive\\Documentos\\Alura PHP\\api-series\\vendor\\illuminate\\database\\Eloquent\\Model.php(1188): Illuminate\\Database\\Eloquent\\Builder->__call()
#9 C:\\Users\\claud\\OneDrive\\Documentos\\Alura PHP\\api-series\\vendor\\illuminate\\database\\Eloquent\\Model.php(1153): Illuminate\\Database\\Eloquent\\Model->insertAndSetId()
#10 C:\\Users\\claud\\OneDrive\\Documentos\\Alura PHP\\api-series\\vendor\\illuminate\\database\\Eloquent\\Model.php(994): Illuminate\\Database\\Eloquent\\Model->performInsert()
#11 C:\\Users\\claud\\OneDrive\\Documentos\\Alura PHP\\api-series\\vendor\\illuminate\\database\\Eloquent\\Builder.php(884): Illuminate\\Database\\Eloquent\\Model->save()
#12 C:\\Users\\claud\\OneDrive\\Documentos\\Alura PHP\\api-series\\vendor\\illuminate\\support\\helpers.php(263): Illuminate\\Database\\Eloquent\\Builder->Illuminate\\Database\\Eloquent\\{closure}()
#13 C:\\Users\\claud\\OneDrive\\Documentos\\Alura PHP\\api-series\\vendor\\illuminate\\database\\Eloquent\\Builder.php(885): tap()
#14 C:\\Users\\claud\\OneDrive\\Documentos\\Alura PHP\\api-series\\vendor\\illuminate\\support\\Traits\\ForwardsCalls.php(23): Illuminate\\Database\\Eloquent\\Builder->create()
#15 C:\\Users\\claud\\OneDrive\\Documentos\\Alura PHP\\api-series\\vendor\\illuminate\\database\\Eloquent\\Model.php(2117): Illuminate\\Database\\Eloquent\\Model->forwardCallTo()
#16 C:\\Users\\claud\\OneDrive\\Documentos\\Alura PHP\\api-series\\vendor\\illuminate\\database\\Eloquent\\Model.php(2129): Illuminate\\Database\\Eloquent\\Model->__call()
#17 C:\\Users\\claud\\OneDrive\\Documentos\\Alura PHP\\api-series\\app\\Http\\Controllers\\SeriesController.php(17): Illuminate\\Database\\Eloquent\\Model::__callStatic()
#18 C:\\Users\\claud\\OneDrive\\Documentos\\Alura PHP\\api-series\\vendor\\illuminate\\container\\BoundMethod.php(36): App\\Http\\Controllers\\SeriesController->store()
#19 C:\\Users\\claud\\OneDrive\\Documentos\\Alura PHP\\api-series\\vendor\\illuminate\\container\\Util.php(40): Illuminate\\Container\\BoundMethod::Illuminate\\Container\\{closure}()
#20 C:\\Users\\claud\\OneDrive\\Documentos\\Alura PHP\\api-series\\vendor\\illuminate\\container\\BoundMethod.php(93): Illuminate\\Container\\Util::unwrapIfClosure()
#21 C:\\Users\\claud\\OneDrive\\Documentos\\Alura PHP\\api-series\\vendor\\illuminate\\container\\BoundMethod.php(37): Illuminate\\Container\\BoundMethod::callBoundMethod()
#22 C:\\Users\\claud\\OneDrive\\Documentos\\Alura PHP\\api-series\\vendor\\illuminate\\container\\Container.php(653): Illuminate\\Container\\BoundMethod::call()
#23 C:\\Users\\claud\\OneDrive\\Documentos\\Alura PHP\\api-series\\vendor\\laravel\\lumen-framework\\src\\Concerns\\RoutesRequests.php(389): Illuminate\\Container\\Container->call()
#24 C:\\Users\\claud\\OneDrive\\Documentos\\Alura PHP\\api-series\\vendor\\laravel\\lumen-framework\\src\\Concerns\\RoutesRequests.php(355): Laravel\\Lumen\\Application->callControllerCallable()
#25 C:\\Users\\claud\\OneDrive\\Documentos\\Alura PHP\\api-series\\vendor\\laravel\\lumen-framework\\src\\Concerns\\RoutesRequests.php(329): Laravel\\Lumen\\Application->callLumenController()
#26 C:\\Users\\claud\\OneDrive\\Documentos\\Alura PHP\\api-series\\vendor\\laravel\\lumen-framework\\src\\Concerns\\RoutesRequests.php(282): Laravel\\Lumen\\Application->callControllerAction()
#27 C:\\Users\\claud\\OneDrive\\Documentos\\Alura PHP\\api-series\\vendor\\laravel\\lumen-framework\\src\\Concerns\\RoutesRequests.php(267): Laravel\\Lumen\\Application->callActionOnArrayBasedRoute()
#28 C:\\Users\\claud\\OneDrive\\Documentos\\Alura PHP\\api-series\\vendor\\laravel\\lumen-framework\\src\\Concerns\\RoutesRequests.php(169): Laravel\\Lumen\\Application->handleFoundRoute()
#29 C:\\Users\\claud\\OneDrive\\Documentos\\Alura PHP\\api-series\\vendor\\laravel\\lumen-framework\\src\\Concerns\\RoutesRequests.php(429): Laravel\\Lumen\\Application->Laravel\\Lumen\\Concerns\\{closure}()
#30 C:\\Users\\claud\\OneDrive\\Documentos\\Alura PHP\\api-series\\vendor\\laravel\\lumen-framework\\src\\Concerns\\RoutesRequests.php(175): Laravel\\Lumen\\Application->sendThroughPipeline()
#31 C:\\Users\\claud\\OneDrive\\Documentos\\Alura PHP\\api-series\\vendor\\laravel\\lumen-framework\\src\\Concerns\\RoutesRequests.php(112): Laravel\\Lumen\\Application->dispatch()
#32 C:\\Users\\claud\\OneDrive\\Documentos\\Alura PHP\\api-series\\public\\index.php(28): Laravel\\Lumen\\Application->run()
#33 {main}
"} 
[2021-11-12 16:41:49] local.ERROR: Unable to resolve dependency [Parameter #0 [ <required> int $request ]] in class App\Http\Controllers\SeriesController {"exception":"[object] (Illuminate\\Contracts\\Container\\BindingResolutionException(code: 0): Unable to resolve dependency [Parameter #0 [ <required> int $request ]] in class App\\Http\\Controllers\\SeriesController at C:\\Users\\claud\\OneDrive\\Documentos\\Alura PHP\\api-series\\vendor\\illuminate\\container\\BoundMethod.php:182)
[stacktrace]
#0 C:\\Users\\claud\\OneDrive\\Documentos\\Alura PHP\\api-series\\vendor\\illuminate\\container\\BoundMethod.php(124): Illuminate\\Container\\BoundMethod::addDependencyForCallParameter()
#1 C:\\Users\\claud\\OneDrive\\Documentos\\Alura PHP\\api-series\\vendor\\illuminate\\container\\BoundMethod.php(36): Illuminate\\Container\\BoundMethod::getMethodDependencies()
#2 C:\\Users\\claud\\OneDrive\\Documentos\\Alura PHP\\api-series\\vendor\\illuminate\\container\\Util.php(40): Illuminate\\Container\\BoundMethod::Illuminate\\Container\\{closure}()
#3 C:\\Users\\claud\\OneDrive\\Documentos\\Alura PHP\\api-series\\vendor\\illuminate\\container\\BoundMethod.php(93): Illuminate\\Container\\Util::unwrapIfClosure()
#4 C:\\Users\\claud\\OneDrive\\Documentos\\Alura PHP\\api-series\\vendor\\illuminate\\container\\BoundMethod.php(37): Illuminate\\Container\\BoundMethod::callBoundMethod()
#5 C:\\Users\\claud\\OneDrive\\Documentos\\Alura PHP\\api-series\\vendor\\illuminate\\container\\Container.php(653): Illuminate\\Container\\BoundMethod::call()
#6 C:\\Users\\claud\\OneDrive\\Documentos\\Alura PHP\\api-series\\vendor\\laravel\\lumen-framework\\src\\Concerns\\RoutesRequests.php(389): Illuminate\\Container\\Container->call()
#7 C:\\Users\\claud\\OneDrive\\Documentos\\Alura PHP\\api-series\\vendor\\laravel\\lumen-framework\\src\\Concerns\\RoutesRequests.php(355): Laravel\\Lumen\\Application->callControllerCallable()
#8 C:\\Users\\claud\\OneDrive\\Documentos\\Alura PHP\\api-series\\vendor\\laravel\\lumen-framework\\src\\Concerns\\RoutesRequests.php(329): Laravel\\Lumen\\Application->callLumenController()
#9 C:\\Users\\claud\\OneDrive\\Documentos\\Alura PHP\\api-series\\vendor\\laravel\\lumen-framework\\src\\Concerns\\RoutesRequests.php(282): Laravel\\Lumen\\Application->callControllerAction()
#10 C:\\Users\\claud\\OneDrive\\Documentos\\Alura PHP\\api-series\\vendor\\laravel\\lumen-framework\\src\\Concerns\\RoutesRequests.php(267): Laravel\\Lumen\\Application->callActionOnArrayBasedRoute()
#11 C:\\Users\\claud\\OneDrive\\Documentos\\Alura PHP\\api-series\\vendor\\laravel\\lumen-framework\\src\\Concerns\\RoutesRequests.php(237): Laravel\\Lumen\\Application->handleFoundRoute()
#12 C:\\Users\\claud\\OneDrive\\Documentos\\Alura PHP\\api-series\\vendor\\laravel\\lumen-framework\\src\\Concerns\\RoutesRequests.php(173): Laravel\\Lumen\\Application->handleDispatcherResponse()
#13 C:\\Users\\claud\\OneDrive\\Documentos\\Alura PHP\\api-series\\vendor\\laravel\\lumen-framework\\src\\Concerns\\RoutesRequests.php(429): Laravel\\Lumen\\Application->Laravel\\Lumen\\Concerns\\{closure}()
#14 C:\\Users\\claud\\OneDrive\\Documentos\\Alura PHP\\api-series\\vendor\\laravel\\lumen-framework\\src\\Concerns\\RoutesRequests.php(175): Laravel\\Lumen\\Application->sendThroughPipeline()
#15 C:\\Users\\claud\\OneDrive\\Documentos\\Alura PHP\\api-series\\vendor\\laravel\\lumen-framework\\src\\Concerns\\RoutesRequests.php(112): Laravel\\Lumen\\Application->dispatch()
#16 C:\\Users\\claud\\OneDrive\\Documentos\\Alura PHP\\api-series\\public\\index.php(28): Laravel\\Lumen\\Application->run()
#17 {main}
"} 
[2021-11-12 17:03:39] local.ERROR: SQLSTATE[23000]: Integrity constraint violation: 19 UNIQUE constraint failed: series.nome (SQL: insert into "series" ("nome") values (Batman)) {"exception":"[object] (Illuminate\\Database\\QueryException(code: 23000): SQLSTATE[23000]: Integrity constraint violation: 19 UNIQUE constraint failed: series.nome (SQL: insert into \"series\" (\"nome\") values (Batman)) at C:\\Users\\claud\\OneDrive\\Documentos\\Alura PHP\\api-series\\vendor\\illuminate\\database\\Connection.php:703)
[stacktrace]
#0 C:\\Users\\claud\\OneDrive\\Documentos\\Alura PHP\\api-series\\vendor\\illuminate\\database\\Connection.php(663): Illuminate\\Database\\Connection->runQueryCallback()
#1 C:\\Users\\claud\\OneDrive\\Documentos\\Alura PHP\\api-series\\vendor\\illuminate\\database\\Connection.php(493): Illuminate\\Database\\Connection->run()
#2 C:\\Users\\claud\\OneDrive\\Documentos\\Alura PHP\\api-series\\vendor\\illuminate\\database\\Connection.php(445): Illuminate\\Database\\Connection->statement()
#3 C:\\Users\\claud\\OneDrive\\Documentos\\Alura PHP\\api-series\\vendor\\illuminate\\database\\Query\\Processors\\Processor.php(32): Illuminate\\Database\\Connection->insert()
#4 C:\\Users\\claud\\OneDrive\\Documentos\\Alura PHP\\api-series\\vendor\\illuminate\\database\\Query\\Builder.php(2965): Illuminate\\Database\\Query\\Processors\\Processor->processInsertGetId()
#5 C:\\Users\\claud\\OneDrive\\Documentos\\Alura PHP\\api-series\\vendor\\illuminate\\database\\Eloquent\\Builder.php(1641): Illuminate\\Database\\Query\\Builder->insertGetId()
#6 C:\\Users\\claud\\OneDrive\\Documentos\\Alura PHP\\api-series\\vendor\\illuminate\\database\\Eloquent\\Model.php(1188): Illuminate\\Database\\Eloquent\\Builder->__call()
#7 C:\\Users\\claud\\OneDrive\\Documentos\\Alura PHP\\api-series\\vendor\\illuminate\\database\\Eloquent\\Model.php(1153): Illuminate\\Database\\Eloquent\\Model->insertAndSetId()
#8 C:\\Users\\claud\\OneDrive\\Documentos\\Alura PHP\\api-series\\vendor\\illuminate\\database\\Eloquent\\Model.php(994): Illuminate\\Database\\Eloquent\\Model->performInsert()
#9 C:\\Users\\claud\\OneDrive\\Documentos\\Alura PHP\\api-series\\vendor\\illuminate\\database\\Eloquent\\Builder.php(884): Illuminate\\Database\\Eloquent\\Model->save()
#10 C:\\Users\\claud\\OneDrive\\Documentos\\Alura PHP\\api-series\\vendor\\illuminate\\support\\helpers.php(263): Illuminate\\Database\\Eloquent\\Builder->Illuminate\\Database\\Eloquent\\{closure}()
#11 C:\\Users\\claud\\OneDrive\\Documentos\\Alura PHP\\api-series\\vendor\\illuminate\\database\\Eloquent\\Builder.php(885): tap()
#12 C:\\Users\\claud\\OneDrive\\Documentos\\Alura PHP\\api-series\\vendor\\illuminate\\support\\Traits\\ForwardsCalls.php(23): Illuminate\\Database\\Eloquent\\Builder->create()
#13 C:\\Users\\claud\\OneDrive\\Documentos\\Alura PHP\\api-series\\vendor\\illuminate\\database\\Eloquent\\Model.php(2117): Illuminate\\Database\\Eloquent\\Model->forwardCallTo()
#14 C:\\Users\\claud\\OneDrive\\Documentos\\Alura PHP\\api-series\\vendor\\illuminate\\database\\Eloquent\\Model.php(2129): Illuminate\\Database\\Eloquent\\Model->__call()
#15 C:\\Users\\claud\\OneDrive\\Documentos\\Alura PHP\\api-series\\app\\Http\\Controllers\\SeriesController.php(17): Illuminate\\Database\\Eloquent\\Model::__callStatic()
#16 C:\\Users\\claud\\OneDrive\\Documentos\\Alura PHP\\api-series\\vendor\\illuminate\\container\\BoundMethod.php(36): App\\Http\\Controllers\\SeriesController->store()
#17 C:\\Users\\claud\\OneDrive\\Documentos\\Alura PHP\\api-series\\vendor\\illuminate\\container\\Util.php(40): Illuminate\\Container\\BoundMethod::Illuminate\\Container\\{closure}()
#18 C:\\Users\\claud\\OneDrive\\Documentos\\Alura PHP\\api-series\\vendor\\illuminate\\container\\BoundMethod.php(93): Illuminate\\Container\\Util::unwrapIfClosure()
#19 C:\\Users\\claud\\OneDrive\\Documentos\\Alura PHP\\api-series\\vendor\\illuminate\\container\\BoundMethod.php(37): Illuminate\\Container\\BoundMethod::callBoundMethod()
#20 C:\\Users\\claud\\OneDrive\\Documentos\\Alura PHP\\api-series\\vendor\\illuminate\\container\\Container.php(653): Illuminate\\Container\\BoundMethod::call()
#21 C:\\Users\\claud\\OneDrive\\Documentos\\Alura PHP\\api-series\\vendor\\laravel\\lumen-framework\\src\\Concerns\\RoutesRequests.php(389): Illuminate\\Container\\Container->call()
#22 C:\\Users\\claud\\OneDrive\\Documentos\\Alura PHP\\api-series\\vendor\\laravel\\lumen-framework\\src\\Concerns\\RoutesRequests.php(355): Laravel\\Lumen\\Application->callControllerCallable()
#23 C:\\Users\\claud\\OneDrive\\Documentos\\Alura PHP\\api-series\\vendor\\laravel\\lumen-framework\\src\\Concerns\\RoutesRequests.php(329): Laravel\\Lumen\\Application->callLumenController()
#24 C:\\Users\\claud\\OneDrive\\Documentos\\Alura PHP\\api-series\\vendor\\laravel\\lumen-framework\\src\\Concerns\\RoutesRequests.php(282): Laravel\\Lumen\\Application->callControllerAction()
#25 C:\\Users\\claud\\OneDrive\\Documentos\\Alura PHP\\api-series\\vendor\\laravel\\lumen-framework\\src\\Concerns\\RoutesRequests.php(267): Laravel\\Lumen\\Application->callActionOnArrayBasedRoute()
#26 C:\\Users\\claud\\OneDrive\\Documentos\\Alura PHP\\api-series\\vendor\\laravel\\lumen-framework\\src\\Concerns\\RoutesRequests.php(169): Laravel\\Lumen\\Application->handleFoundRoute()
#27 C:\\Users\\claud\\OneDrive\\Documentos\\Alura PHP\\api-series\\vendor\\laravel\\lumen-framework\\src\\Concerns\\RoutesRequests.php(429): Laravel\\Lumen\\Application->Laravel\\Lumen\\Concerns\\{closure}()
#28 C:\\Users\\claud\\OneDrive\\Documentos\\Alura PHP\\api-series\\vendor\\laravel\\lumen-framework\\src\\Concerns\\RoutesRequests.php(175): Laravel\\Lumen\\Application->sendThroughPipeline()
#29 C:\\Users\\claud\\OneDrive\\Documentos\\Alura PHP\\api-series\\vendor\\laravel\\lumen-framework\\src\\Concerns\\RoutesRequests.php(112): Laravel\\Lumen\\Application->dispatch()
#30 C:\\Users\\claud\\OneDrive\\Documentos\\Alura PHP\\api-series\\public\\index.php(28): Laravel\\Lumen\\Application->run()
#31 {main}

[previous exception] [object] (PDOException(code: 23000): SQLSTATE[23000]: Integrity constraint violation: 19 UNIQUE constraint failed: series.nome at C:\\Users\\claud\\OneDrive\\Documentos\\Alura PHP\\api-series\\vendor\\illuminate\\database\\Connection.php:492)
[stacktrace]
#0 C:\\Users\\claud\\OneDrive\\Documentos\\Alura PHP\\api-series\\vendor\\illuminate\\database\\Connection.php(492): PDOStatement->execute()
#1 C:\\Users\\claud\\OneDrive\\Documentos\\Alura PHP\\api-series\\vendor\\illuminate\\database\\Connection.php(696): Illuminate\\Database\\Connection->Illuminate\\Database\\{closure}()
#2 C:\\Users\\claud\\OneDrive\\Documentos\\Alura PHP\\api-series\\vendor\\illuminate\\database\\Connection.php(663): Illuminate\\Database\\Connection->runQueryCallback()
#3 C:\\Users\\claud\\OneDrive\\Documentos\\Alura PHP\\api-series\\vendor\\illuminate\\database\\Connection.php(493): Illuminate\\Database\\Connection->run()
#4 C:\\Users\\claud\\OneDrive\\Documentos\\Alura PHP\\api-series\\vendor\\illuminate\\database\\Connection.php(445): Illuminate\\Database\\Connection->statement()
#5 C:\\Users\\claud\\OneDrive\\Documentos\\Alura PHP\\api-series\\vendor\\illuminate\\database\\Query\\Processors\\Processor.php(32): Illuminate\\Database\\Connection->insert()
#6 C:\\Users\\claud\\OneDrive\\Documentos\\Alura PHP\\api-series\\vendor\\illuminate\\database\\Query\\Builder.php(2965): Illuminate\\Database\\Query\\Processors\\Processor->processInsertGetId()
#7 C:\\Users\\claud\\OneDrive\\Documentos\\Alura PHP\\api-series\\vendor\\illuminate\\database\\Eloquent\\Builder.php(1641): Illuminate\\Database\\Query\\Builder->insertGetId()
#8 C:\\Users\\claud\\OneDrive\\Documentos\\Alura PHP\\api-series\\vendor\\illuminate\\database\\Eloquent\\Model.php(1188): Illuminate\\Database\\Eloquent\\Builder->__call()
#9 C:\\Users\\claud\\OneDrive\\Documentos\\Alura PHP\\api-series\\vendor\\illuminate\\database\\Eloquent\\Model.php(1153): Illuminate\\Database\\Eloquent\\Model->insertAndSetId()
#10 C:\\Users\\claud\\OneDrive\\Documentos\\Alura PHP\\api-series\\vendor\\illuminate\\database\\Eloquent\\Model.php(994): Illuminate\\Database\\Eloquent\\Model->performInsert()
#11 C:\\Users\\claud\\OneDrive\\Documentos\\Alura PHP\\api-series\\vendor\\illuminate\\database\\Eloquent\\Builder.php(884): Illuminate\\Database\\Eloquent\\Model->save()
#12 C:\\Users\\claud\\OneDrive\\Documentos\\Alura PHP\\api-series\\vendor\\illuminate\\support\\helpers.php(263): Illuminate\\Database\\Eloquent\\Builder->Illuminate\\Database\\Eloquent\\{closure}()
#13 C:\\Users\\claud\\OneDrive\\Documentos\\Alura PHP\\api-series\\vendor\\illuminate\\database\\Eloquent\\Builder.php(885): tap()
#14 C:\\Users\\claud\\OneDrive\\Documentos\\Alura PHP\\api-series\\vendor\\illuminate\\support\\Traits\\ForwardsCalls.php(23): Illuminate\\Database\\Eloquent\\Builder->create()
#15 C:\\Users\\claud\\OneDrive\\Documentos\\Alura PHP\\api-series\\vendor\\illuminate\\database\\Eloquent\\Model.php(2117): Illuminate\\Database\\Eloquent\\Model->forwardCallTo()
#16 C:\\Users\\claud\\OneDrive\\Documentos\\Alura PHP\\api-series\\vendor\\illuminate\\database\\Eloquent\\Model.php(2129): Illuminate\\Database\\Eloquent\\Model->__call()
#17 C:\\Users\\claud\\OneDrive\\Documentos\\Alura PHP\\api-series\\app\\Http\\Controllers\\SeriesController.php(17): Illuminate\\Database\\Eloquent\\Model::__callStatic()
#18 C:\\Users\\claud\\OneDrive\\Documentos\\Alura PHP\\api-series\\vendor\\illuminate\\container\\BoundMethod.php(36): App\\Http\\Controllers\\SeriesController->store()
#19 C:\\Users\\claud\\OneDrive\\Documentos\\Alura PHP\\api-series\\vendor\\illuminate\\container\\Util.php(40): Illuminate\\Container\\BoundMethod::Illuminate\\Container\\{closure}()
#20 C:\\Users\\claud\\OneDrive\\Documentos\\Alura PHP\\api-series\\vendor\\illuminate\\container\\BoundMethod.php(93): Illuminate\\Container\\Util::unwrapIfClosure()
#21 C:\\Users\\claud\\OneDrive\\Documentos\\Alura PHP\\api-series\\vendor\\illuminate\\container\\BoundMethod.php(37): Illuminate\\Container\\BoundMethod::callBoundMethod()
#22 C:\\Users\\claud\\OneDrive\\Documentos\\Alura PHP\\api-series\\vendor\\illuminate\\container\\Container.php(653): Illuminate\\Container\\BoundMethod::call()
#23 C:\\Users\\claud\\OneDrive\\Documentos\\Alura PHP\\api-series\\vendor\\laravel\\lumen-framework\\src\\Concerns\\RoutesRequests.php(389): Illuminate\\Container\\Container->call()
#24 C:\\Users\\claud\\OneDrive\\Documentos\\Alura PHP\\api-series\\vendor\\laravel\\lumen-framework\\src\\Concerns\\RoutesRequests.php(355): Laravel\\Lumen\\Application->callControllerCallable()
#25 C:\\Users\\claud\\OneDrive\\Documentos\\Alura PHP\\api-series\\vendor\\laravel\\lumen-framework\\src\\Concerns\\RoutesRequests.php(329): Laravel\\Lumen\\Application->callLumenController()
#26 C:\\Users\\claud\\OneDrive\\Documentos\\Alura PHP\\api-series\\vendor\\laravel\\lumen-framework\\src\\Concerns\\RoutesRequests.php(282): Laravel\\Lumen\\Application->callControllerAction()
#27 C:\\Users\\claud\\OneDrive\\Documentos\\Alura PHP\\api-series\\vendor\\laravel\\lumen-framework\\src\\Concerns\\RoutesRequests.php(267): Laravel\\Lumen\\Application->callActionOnArrayBasedRoute()
#28 C:\\Users\\claud\\OneDrive\\Documentos\\Alura PHP\\api-series\\vendor\\laravel\\lumen-framework\\src\\Concerns\\RoutesRequests.php(169): Laravel\\Lumen\\Application->handleFoundRoute()
#29 C:\\Users\\claud\\OneDrive\\Documentos\\Alura PHP\\api-series\\vendor\\laravel\\lumen-framework\\src\\Concerns\\RoutesRequests.php(429): Laravel\\Lumen\\Application->Laravel\\Lumen\\Concerns\\{closure}()
#30 C:\\Users\\claud\\OneDrive\\Documentos\\Alura PHP\\api-series\\vendor\\laravel\\lumen-framework\\src\\Concerns\\RoutesRequests.php(175): Laravel\\Lumen\\Application->sendThroughPipeline()
#31 C:\\Users\\claud\\OneDrive\\Documentos\\Alura PHP\\api-series\\vendor\\laravel\\lumen-framework\\src\\Concerns\\RoutesRequests.php(112): Laravel\\Lumen\\Application->dispatch()
#32 C:\\Users\\claud\\OneDrive\\Documentos\\Alura PHP\\api-series\\public\\index.php(28): Laravel\\Lumen\\Application->run()
#33 {main}
"} 
[2021-11-12 17:09:04] local.ERROR: SQLSTATE[HY000]: General error: 1 no such column: name (SQL: update "series" set "name" = Batman%20o%20Cavaleiro%20das%20Trevas where "id" = 3) {"exception":"[object] (Illuminate\\Database\\QueryException(code: HY000): SQLSTATE[HY000]: General error: 1 no such column: name (SQL: update \"series\" set \"name\" = Batman%20o%20Cavaleiro%20das%20Trevas where \"id\" = 3) at C:\\Users\\claud\\OneDrive\\Documentos\\Alura PHP\\api-series\\vendor\\illuminate\\database\\Connection.php:703)
[stacktrace]
#0 C:\\Users\\claud\\OneDrive\\Documentos\\Alura PHP\\api-series\\vendor\\illuminate\\database\\Connection.php(663): Illuminate\\Database\\Connection->runQueryCallback()
#1 C:\\Users\\claud\\OneDrive\\Documentos\\Alura PHP\\api-series\\vendor\\illuminate\\database\\Connection.php(524): Illuminate\\Database\\Connection->run()
#2 C:\\Users\\claud\\OneDrive\\Documentos\\Alura PHP\\api-series\\vendor\\illuminate\\database\\Connection.php(457): Illuminate\\Database\\Connection->affectingStatement()
#3 C:\\Users\\claud\\OneDrive\\Documentos\\Alura PHP\\api-series\\vendor\\illuminate\\database\\Query\\Builder.php(3000): Illuminate\\Database\\Connection->update()
#4 C:\\Users\\claud\\OneDrive\\Documentos\\Alura PHP\\api-series\\vendor\\illuminate\\database\\Eloquent\\Builder.php(909): Illuminate\\Database\\Query\\Builder->update()
#5 C:\\Users\\claud\\OneDrive\\Documentos\\Alura PHP\\api-series\\vendor\\illuminate\\database\\Eloquent\\Model.php(1072): Illuminate\\Database\\Eloquent\\Builder->update()
#6 C:\\Users\\claud\\OneDrive\\Documentos\\Alura PHP\\api-series\\vendor\\illuminate\\database\\Eloquent\\Model.php(987): Illuminate\\Database\\Eloquent\\Model->performUpdate()
#7 C:\\Users\\claud\\OneDrive\\Documentos\\Alura PHP\\api-series\\app\\Http\\Controllers\\SeriesController.php(36): Illuminate\\Database\\Eloquent\\Model->save()
#8 C:\\Users\\claud\\OneDrive\\Documentos\\Alura PHP\\api-series\\vendor\\illuminate\\container\\BoundMethod.php(36): App\\Http\\Controllers\\SeriesController->update()
#9 C:\\Users\\claud\\OneDrive\\Documentos\\Alura PHP\\api-series\\vendor\\illuminate\\container\\Util.php(40): Illuminate\\Container\\BoundMethod::Illuminate\\Container\\{closure}()
#10 C:\\Users\\claud\\OneDrive\\Documentos\\Alura PHP\\api-series\\vendor\\illuminate\\container\\BoundMethod.php(93): Illuminate\\Container\\Util::unwrapIfClosure()
#11 C:\\Users\\claud\\OneDrive\\Documentos\\Alura PHP\\api-series\\vendor\\illuminate\\container\\BoundMethod.php(37): Illuminate\\Container\\BoundMethod::callBoundMethod()
#12 C:\\Users\\claud\\OneDrive\\Documentos\\Alura PHP\\api-series\\vendor\\illuminate\\container\\Container.php(653): Illuminate\\Container\\BoundMethod::call()
#13 C:\\Users\\claud\\OneDrive\\Documentos\\Alura PHP\\api-series\\vendor\\laravel\\lumen-framework\\src\\Concerns\\RoutesRequests.php(389): Illuminate\\Container\\Container->call()
#14 C:\\Users\\claud\\OneDrive\\Documentos\\Alura PHP\\api-series\\vendor\\laravel\\lumen-framework\\src\\Concerns\\RoutesRequests.php(355): Laravel\\Lumen\\Application->callControllerCallable()
#15 C:\\Users\\claud\\OneDrive\\Documentos\\Alura PHP\\api-series\\vendor\\laravel\\lumen-framework\\src\\Concerns\\RoutesRequests.php(329): Laravel\\Lumen\\Application->callLumenController()
#16 C:\\Users\\claud\\OneDrive\\Documentos\\Alura PHP\\api-series\\vendor\\laravel\\lumen-framework\\src\\Concerns\\RoutesRequests.php(282): Laravel\\Lumen\\Application->callControllerAction()
#17 C:\\Users\\claud\\OneDrive\\Documentos\\Alura PHP\\api-series\\vendor\\laravel\\lumen-framework\\src\\Concerns\\RoutesRequests.php(267): Laravel\\Lumen\\Application->callActionOnArrayBasedRoute()
#18 C:\\Users\\claud\\OneDrive\\Documentos\\Alura PHP\\api-series\\vendor\\laravel\\lumen-framework\\src\\Concerns\\RoutesRequests.php(237): Laravel\\Lumen\\Application->handleFoundRoute()
#19 C:\\Users\\claud\\OneDrive\\Documentos\\Alura PHP\\api-series\\vendor\\laravel\\lumen-framework\\src\\Concerns\\RoutesRequests.php(173): Laravel\\Lumen\\Application->handleDispatcherResponse()
#20 C:\\Users\\claud\\OneDrive\\Documentos\\Alura PHP\\api-series\\vendor\\laravel\\lumen-framework\\src\\Concerns\\RoutesRequests.php(429): Laravel\\Lumen\\Application->Laravel\\Lumen\\Concerns\\{closure}()
#21 C:\\Users\\claud\\OneDrive\\Documentos\\Alura PHP\\api-series\\vendor\\laravel\\lumen-framework\\src\\Concerns\\RoutesRequests.php(175): Laravel\\Lumen\\Application->sendThroughPipeline()
#22 C:\\Users\\claud\\OneDrive\\Documentos\\Alura PHP\\api-series\\vendor\\laravel\\lumen-framework\\src\\Concerns\\RoutesRequests.php(112): Laravel\\Lumen\\Application->dispatch()
#23 C:\\Users\\claud\\OneDrive\\Documentos\\Alura PHP\\api-series\\public\\index.php(28): Laravel\\Lumen\\Application->run()
#24 {main}

[previous exception] [object] (PDOException(code: HY000): SQLSTATE[HY000]: General error: 1 no such column: name at C:\\Users\\claud\\OneDrive\\Documentos\\Alura PHP\\api-series\\vendor\\illuminate\\database\\Connection.php:513)
[stacktrace]
#0 C:\\Users\\claud\\OneDrive\\Documentos\\Alura PHP\\api-series\\vendor\\illuminate\\database\\Connection.php(513): PDO->prepare()
#1 C:\\Users\\claud\\OneDrive\\Documentos\\Alura PHP\\api-series\\vendor\\illuminate\\database\\Connection.php(696): Illuminate\\Database\\Connection->Illuminate\\Database\\{closure}()
#2 C:\\Users\\claud\\OneDrive\\Documentos\\Alura PHP\\api-series\\vendor\\illuminate\\database\\Connection.php(663): Illuminate\\Database\\Connection->runQueryCallback()
#3 C:\\Users\\claud\\OneDrive\\Documentos\\Alura PHP\\api-series\\vendor\\illuminate\\database\\Connection.php(524): Illuminate\\Database\\Connection->run()
#4 C:\\Users\\claud\\OneDrive\\Documentos\\Alura PHP\\api-series\\vendor\\illuminate\\database\\Connection.php(457): Illuminate\\Database\\Connection->affectingStatement()
#5 C:\\Users\\claud\\OneDrive\\Documentos\\Alura PHP\\api-series\\vendor\\illuminate\\database\\Query\\Builder.php(3000): Illuminate\\Database\\Connection->update()
#6 C:\\Users\\claud\\OneDrive\\Documentos\\Alura PHP\\api-series\\vendor\\illuminate\\database\\Eloquent\\Builder.php(909): Illuminate\\Database\\Query\\Builder->update()
#7 C:\\Users\\claud\\OneDrive\\Documentos\\Alura PHP\\api-series\\vendor\\illuminate\\database\\Eloquent\\Model.php(1072): Illuminate\\Database\\Eloquent\\Builder->update()
#8 C:\\Users\\claud\\OneDrive\\Documentos\\Alura PHP\\api-series\\vendor\\illuminate\\database\\Eloquent\\Model.php(987): Illuminate\\Database\\Eloquent\\Model->performUpdate()
#9 C:\\Users\\claud\\OneDrive\\Documentos\\Alura PHP\\api-series\\app\\Http\\Controllers\\SeriesController.php(36): Illuminate\\Database\\Eloquent\\Model->save()
#10 C:\\Users\\claud\\OneDrive\\Documentos\\Alura PHP\\api-series\\vendor\\illuminate\\container\\BoundMethod.php(36): App\\Http\\Controllers\\SeriesController->update()
#11 C:\\Users\\claud\\OneDrive\\Documentos\\Alura PHP\\api-series\\vendor\\illuminate\\container\\Util.php(40): Illuminate\\Container\\BoundMethod::Illuminate\\Container\\{closure}()
#12 C:\\Users\\claud\\OneDrive\\Documentos\\Alura PHP\\api-series\\vendor\\illuminate\\container\\BoundMethod.php(93): Illuminate\\Container\\Util::unwrapIfClosure()
#13 C:\\Users\\claud\\OneDrive\\Documentos\\Alura PHP\\api-series\\vendor\\illuminate\\container\\BoundMethod.php(37): Illuminate\\Container\\BoundMethod::callBoundMethod()
#14 C:\\Users\\claud\\OneDrive\\Documentos\\Alura PHP\\api-series\\vendor\\illuminate\\container\\Container.php(653): Illuminate\\Container\\BoundMethod::call()
#15 C:\\Users\\claud\\OneDrive\\Documentos\\Alura PHP\\api-series\\vendor\\laravel\\lumen-framework\\src\\Concerns\\RoutesRequests.php(389): Illuminate\\Container\\Container->call()
#16 C:\\Users\\claud\\OneDrive\\Documentos\\Alura PHP\\api-series\\vendor\\laravel\\lumen-framework\\src\\Concerns\\RoutesRequests.php(355): Laravel\\Lumen\\Application->callControllerCallable()
#17 C:\\Users\\claud\\OneDrive\\Documentos\\Alura PHP\\api-series\\vendor\\laravel\\lumen-framework\\src\\Concerns\\RoutesRequests.php(329): Laravel\\Lumen\\Application->callLumenController()
#18 C:\\Users\\claud\\OneDrive\\Documentos\\Alura PHP\\api-series\\vendor\\laravel\\lumen-framework\\src\\Concerns\\RoutesRequests.php(282): Laravel\\Lumen\\Application->callControllerAction()
#19 C:\\Users\\claud\\OneDrive\\Documentos\\Alura PHP\\api-series\\vendor\\laravel\\lumen-framework\\src\\Concerns\\RoutesRequests.php(267): Laravel\\Lumen\\Application->callActionOnArrayBasedRoute()
#20 C:\\Users\\claud\\OneDrive\\Documentos\\Alura PHP\\api-series\\vendor\\laravel\\lumen-framework\\src\\Concerns\\RoutesRequests.php(237): Laravel\\Lumen\\Application->handleFoundRoute()
#21 C:\\Users\\claud\\OneDrive\\Documentos\\Alura PHP\\api-series\\vendor\\laravel\\lumen-framework\\src\\Concerns\\RoutesRequests.php(173): Laravel\\Lumen\\Application->handleDispatcherResponse()
#22 C:\\Users\\claud\\OneDrive\\Documentos\\Alura PHP\\api-series\\vendor\\laravel\\lumen-framework\\src\\Concerns\\RoutesRequests.php(429): Laravel\\Lumen\\Application->Laravel\\Lumen\\Concerns\\{closure}()
#23 C:\\Users\\claud\\OneDrive\\Documentos\\Alura PHP\\api-series\\vendor\\laravel\\lumen-framework\\src\\Concerns\\RoutesRequests.php(175): Laravel\\Lumen\\Application->sendThroughPipeline()
#24 C:\\Users\\claud\\OneDrive\\Documentos\\Alura PHP\\api-series\\vendor\\laravel\\lumen-framework\\src\\Concerns\\RoutesRequests.php(112): Laravel\\Lumen\\Application->dispatch()
#25 C:\\Users\\claud\\OneDrive\\Documentos\\Alura PHP\\api-series\\public\\index.php(28): Laravel\\Lumen\\Application->run()
#26 {main}
"} 
[2021-11-12 18:55:11] local.ERROR: Undefined variable $router {"exception":"[object] (ErrorException(code: 0): Undefined variable $router at C:\\Users\\claud\\OneDrive\\Documentos\\Alura PHP\\api-series\outes\\web.php:24)
[stacktrace]
#0 C:\\Users\\claud\\OneDrive\\Documentos\\Alura PHP\\api-series\\vendor\\laravel\\lumen-framework\\src\\Concerns\\RegistersExceptionHandlers.php(47): Laravel\\Lumen\\Application->handleError()
#1 C:\\Users\\claud\\OneDrive\\Documentos\\Alura PHP\\api-series\outes\\web.php(24): Laravel\\Lumen\\Application->Laravel\\Lumen\\Concerns\\{closure}()
#2 C:\\Users\\claud\\OneDrive\\Documentos\\Alura PHP\\api-series\\vendor\\laravel\\lumen-framework\\src\\Routing\\Router.php(62): {closure}()
#3 C:\\Users\\claud\\OneDrive\\Documentos\\Alura PHP\\api-series\outes\\web.php(29): Laravel\\Lumen\\Routing\\Router->group()
#4 C:\\Users\\claud\\OneDrive\\Documentos\\Alura PHP\\api-series\\vendor\\laravel\\lumen-framework\\src\\Routing\\Router.php(62): {closure}()
#5 C:\\Users\\claud\\OneDrive\\Documentos\\Alura PHP\\api-series\outes\\web.php(31): Laravel\\Lumen\\Routing\\Router->group()
#6 C:\\Users\\claud\\OneDrive\\Documentos\\Alura PHP\\api-series\\bootstrap\\app.php(112): require('...')
#7 C:\\Users\\claud\\OneDrive\\Documentos\\Alura PHP\\api-series\\vendor\\laravel\\lumen-framework\\src\\Routing\\Router.php(62): {closure}()
#8 C:\\Users\\claud\\OneDrive\\Documentos\\Alura PHP\\api-series\\bootstrap\\app.php(113): Laravel\\Lumen\\Routing\\Router->group()
#9 C:\\Users\\claud\\OneDrive\\Documentos\\Alura PHP\\api-series\\public\\index.php(14): require('...')
#10 {main}
"} 
[2021-11-12 19:40:32] local.ERROR: SQLSTATE[23000]: Integrity constraint violation: 19 NOT NULL constraint failed: episodios.temporada (SQL: insert into "episodios" default values) {"exception":"[object] (Illuminate\\Database\\QueryException(code: 23000): SQLSTATE[23000]: Integrity constraint violation: 19 NOT NULL constraint failed: episodios.temporada (SQL: insert into \"episodios\" default values) at C:\\Users\\claud\\OneDrive\\Documentos\\Alura PHP\\api-series\\vendor\\illuminate\\database\\Connection.php:703)
[stacktrace]
#0 C:\\Users\\claud\\OneDrive\\Documentos\\Alura PHP\\api-series\\vendor\\illuminate\\database\\Connection.php(663): Illuminate\\Database\\Connection->runQueryCallback()
#1 C:\\Users\\claud\\OneDrive\\Documentos\\Alura PHP\\api-series\\vendor\\illuminate\\database\\Connection.php(493): Illuminate\\Database\\Connection->run()
#2 C:\\Users\\claud\\OneDrive\\Documentos\\Alura PHP\\api-series\\vendor\\illuminate\\database\\Connection.php(445): Illuminate\\Database\\Connection->statement()
#3 C:\\Users\\claud\\OneDrive\\Documentos\\Alura PHP\\api-series\\vendor\\illuminate\\database\\Query\\Processors\\Processor.php(32): Illuminate\\Database\\Connection->insert()
#4 C:\\Users\\claud\\OneDrive\\Documentos\\Alura PHP\\api-series\\vendor\\illuminate\\database\\Query\\Builder.php(2965): Illuminate\\Database\\Query\\Processors\\Processor->processInsertGetId()
#5 C:\\Users\\claud\\OneDrive\\Documentos\\Alura PHP\\api-series\\vendor\\illuminate\\database\\Eloquent\\Builder.php(1641): Illuminate\\Database\\Query\\Builder->insertGetId()
#6 C:\\Users\\claud\\OneDrive\\Documentos\\Alura PHP\\api-series\\vendor\\illuminate\\database\\Eloquent\\Model.php(1188): Illuminate\\Database\\Eloquent\\Builder->__call()
#7 C:\\Users\\claud\\OneDrive\\Documentos\\Alura PHP\\api-series\\vendor\\illuminate\\database\\Eloquent\\Model.php(1153): Illuminate\\Database\\Eloquent\\Model->insertAndSetId()
#8 C:\\Users\\claud\\OneDrive\\Documentos\\Alura PHP\\api-series\\vendor\\illuminate\\database\\Eloquent\\Model.php(994): Illuminate\\Database\\Eloquent\\Model->performInsert()
#9 C:\\Users\\claud\\OneDrive\\Documentos\\Alura PHP\\api-series\\vendor\\illuminate\\database\\Eloquent\\Builder.php(884): Illuminate\\Database\\Eloquent\\Model->save()
#10 C:\\Users\\claud\\OneDrive\\Documentos\\Alura PHP\\api-series\\vendor\\illuminate\\support\\helpers.php(263): Illuminate\\Database\\Eloquent\\Builder->Illuminate\\Database\\Eloquent\\{closure}()
#11 C:\\Users\\claud\\OneDrive\\Documentos\\Alura PHP\\api-series\\vendor\\illuminate\\database\\Eloquent\\Builder.php(885): tap()
#12 C:\\Users\\claud\\OneDrive\\Documentos\\Alura PHP\\api-series\\vendor\\illuminate\\support\\Traits\\ForwardsCalls.php(23): Illuminate\\Database\\Eloquent\\Builder->create()
#13 C:\\Users\\claud\\OneDrive\\Documentos\\Alura PHP\\api-series\\vendor\\illuminate\\database\\Eloquent\\Model.php(2117): Illuminate\\Database\\Eloquent\\Model->forwardCallTo()
#14 C:\\Users\\claud\\OneDrive\\Documentos\\Alura PHP\\api-series\\vendor\\illuminate\\database\\Eloquent\\Model.php(2129): Illuminate\\Database\\Eloquent\\Model->__call()
#15 C:\\Users\\claud\\OneDrive\\Documentos\\Alura PHP\\api-series\\app\\Http\\Controllers\\BaseController.php(17): Illuminate\\Database\\Eloquent\\Model::__callStatic()
#16 C:\\Users\\claud\\OneDrive\\Documentos\\Alura PHP\\api-series\\vendor\\illuminate\\container\\BoundMethod.php(36): App\\Http\\Controllers\\BaseController->store()
#17 C:\\Users\\claud\\OneDrive\\Documentos\\Alura PHP\\api-series\\vendor\\illuminate\\container\\Util.php(40): Illuminate\\Container\\BoundMethod::Illuminate\\Container\\{closure}()
#18 C:\\Users\\claud\\OneDrive\\Documentos\\Alura PHP\\api-series\\vendor\\illuminate\\container\\BoundMethod.php(93): Illuminate\\Container\\Util::unwrapIfClosure()
#19 C:\\Users\\claud\\OneDrive\\Documentos\\Alura PHP\\api-series\\vendor\\illuminate\\container\\BoundMethod.php(37): Illuminate\\Container\\BoundMethod::callBoundMethod()
#20 C:\\Users\\claud\\OneDrive\\Documentos\\Alura PHP\\api-series\\vendor\\illuminate\\container\\Container.php(653): Illuminate\\Container\\BoundMethod::call()
#21 C:\\Users\\claud\\OneDrive\\Documentos\\Alura PHP\\api-series\\vendor\\laravel\\lumen-framework\\src\\Concerns\\RoutesRequests.php(389): Illuminate\\Container\\Container->call()
#22 C:\\Users\\claud\\OneDrive\\Documentos\\Alura PHP\\api-series\\vendor\\laravel\\lumen-framework\\src\\Concerns\\RoutesRequests.php(355): Laravel\\Lumen\\Application->callControllerCallable()
#23 C:\\Users\\claud\\OneDrive\\Documentos\\Alura PHP\\api-series\\vendor\\laravel\\lumen-framework\\src\\Concerns\\RoutesRequests.php(329): Laravel\\Lumen\\Application->callLumenController()
#24 C:\\Users\\claud\\OneDrive\\Documentos\\Alura PHP\\api-series\\vendor\\laravel\\lumen-framework\\src\\Concerns\\RoutesRequests.php(282): Laravel\\Lumen\\Application->callControllerAction()
#25 C:\\Users\\claud\\OneDrive\\Documentos\\Alura PHP\\api-series\\vendor\\laravel\\lumen-framework\\src\\Concerns\\RoutesRequests.php(267): Laravel\\Lumen\\Application->callActionOnArrayBasedRoute()
#26 C:\\Users\\claud\\OneDrive\\Documentos\\Alura PHP\\api-series\\vendor\\laravel\\lumen-framework\\src\\Concerns\\RoutesRequests.php(169): Laravel\\Lumen\\Application->handleFoundRoute()
#27 C:\\Users\\claud\\OneDrive\\Documentos\\Alura PHP\\api-series\\vendor\\laravel\\lumen-framework\\src\\Concerns\\RoutesRequests.php(429): Laravel\\Lumen\\Application->Laravel\\Lumen\\Concerns\\{closure}()
#28 C:\\Users\\claud\\OneDrive\\Documentos\\Alura PHP\\api-series\\vendor\\laravel\\lumen-framework\\src\\Concerns\\RoutesRequests.php(175): Laravel\\Lumen\\Application->sendThroughPipeline()
#29 C:\\Users\\claud\\OneDrive\\Documentos\\Alura PHP\\api-series\\vendor\\laravel\\lumen-framework\\src\\Concerns\\RoutesRequests.php(112): Laravel\\Lumen\\Application->dispatch()
#30 C:\\Users\\claud\\OneDrive\\Documentos\\Alura PHP\\api-series\\public\\index.php(28): Laravel\\Lumen\\Application->run()
#31 {main}

[previous exception] [object] (PDOException(code: 23000): SQLSTATE[23000]: Integrity constraint violation: 19 NOT NULL constraint failed: episodios.temporada at C:\\Users\\claud\\OneDrive\\Documentos\\Alura PHP\\api-series\\vendor\\illuminate\\database\\Connection.php:492)
[stacktrace]
#0 C:\\Users\\claud\\OneDrive\\Documentos\\Alura PHP\\api-series\\vendor\\illuminate\\database\\Connection.php(492): PDOStatement->execute()
#1 C:\\Users\\claud\\OneDrive\\Documentos\\Alura PHP\\api-series\\vendor\\illuminate\\database\\Connection.php(696): Illuminate\\Database\\Connection->Illuminate\\Database\\{closure}()
#2 C:\\Users\\claud\\OneDrive\\Documentos\\Alura PHP\\api-series\\vendor\\illuminate\\database\\Connection.php(663): Illuminate\\Database\\Connection->runQueryCallback()
#3 C:\\Users\\claud\\OneDrive\\Documentos\\Alura PHP\\api-series\\vendor\\illuminate\\database\\Connection.php(493): Illuminate\\Database\\Connection->run()
#4 C:\\Users\\claud\\OneDrive\\Documentos\\Alura PHP\\api-series\\vendor\\illuminate\\database\\Connection.php(445): Illuminate\\Database\\Connection->statement()
#5 C:\\Users\\claud\\OneDrive\\Documentos\\Alura PHP\\api-series\\vendor\\illuminate\\database\\Query\\Processors\\Processor.php(32): Illuminate\\Database\\Connection->insert()
#6 C:\\Users\\claud\\OneDrive\\Documentos\\Alura PHP\\api-series\\vendor\\illuminate\\database\\Query\\Builder.php(2965): Illuminate\\Database\\Query\\Processors\\Processor->processInsertGetId()
#7 C:\\Users\\claud\\OneDrive\\Documentos\\Alura PHP\\api-series\\vendor\\illuminate\\database\\Eloquent\\Builder.php(1641): Illuminate\\Database\\Query\\Builder->insertGetId()
#8 C:\\Users\\claud\\OneDrive\\Documentos\\Alura PHP\\api-series\\vendor\\illuminate\\database\\Eloquent\\Model.php(1188): Illuminate\\Database\\Eloquent\\Builder->__call()
#9 C:\\Users\\claud\\OneDrive\\Documentos\\Alura PHP\\api-series\\vendor\\illuminate\\database\\Eloquent\\Model.php(1153): Illuminate\\Database\\Eloquent\\Model->insertAndSetId()
#10 C:\\Users\\claud\\OneDrive\\Documentos\\Alura PHP\\api-series\\vendor\\illuminate\\database\\Eloquent\\Model.php(994): Illuminate\\Database\\Eloquent\\Model->performInsert()
#11 C:\\Users\\claud\\OneDrive\\Documentos\\Alura PHP\\api-series\\vendor\\illuminate\\database\\Eloquent\\Builder.php(884): Illuminate\\Database\\Eloquent\\Model->save()
#12 C:\\Users\\claud\\OneDrive\\Documentos\\Alura PHP\\api-series\\vendor\\illuminate\\support\\helpers.php(263): Illuminate\\Database\\Eloquent\\Builder->Illuminate\\Database\\Eloquent\\{closure}()
#13 C:\\Users\\claud\\OneDrive\\Documentos\\Alura PHP\\api-series\\vendor\\illuminate\\database\\Eloquent\\Builder.php(885): tap()
#14 C:\\Users\\claud\\OneDrive\\Documentos\\Alura PHP\\api-series\\vendor\\illuminate\\support\\Traits\\ForwardsCalls.php(23): Illuminate\\Database\\Eloquent\\Builder->create()
#15 C:\\Users\\claud\\OneDrive\\Documentos\\Alura PHP\\api-series\\vendor\\illuminate\\database\\Eloquent\\Model.php(2117): Illuminate\\Database\\Eloquent\\Model->forwardCallTo()
#16 C:\\Users\\claud\\OneDrive\\Documentos\\Alura PHP\\api-series\\vendor\\illuminate\\database\\Eloquent\\Model.php(2129): Illuminate\\Database\\Eloquent\\Model->__call()
#17 C:\\Users\\claud\\OneDrive\\Documentos\\Alura PHP\\api-series\\app\\Http\\Controllers\\BaseController.php(17): Illuminate\\Database\\Eloquent\\Model::__callStatic()
#18 C:\\Users\\claud\\OneDrive\\Documentos\\Alura PHP\\api-series\\vendor\\illuminate\\container\\BoundMethod.php(36): App\\Http\\Controllers\\BaseController->store()
#19 C:\\Users\\claud\\OneDrive\\Documentos\\Alura PHP\\api-series\\vendor\\illuminate\\container\\Util.php(40): Illuminate\\Container\\BoundMethod::Illuminate\\Container\\{closure}()
#20 C:\\Users\\claud\\OneDrive\\Documentos\\Alura PHP\\api-series\\vendor\\illuminate\\container\\BoundMethod.php(93): Illuminate\\Container\\Util::unwrapIfClosure()
#21 C:\\Users\\claud\\OneDrive\\Documentos\\Alura PHP\\api-series\\vendor\\illuminate\\container\\BoundMethod.php(37): Illuminate\\Container\\BoundMethod::callBoundMethod()
#22 C:\\Users\\claud\\OneDrive\\Documentos\\Alura PHP\\api-series\\vendor\\illuminate\\container\\Container.php(653): Illuminate\\Container\\BoundMethod::call()
#23 C:\\Users\\claud\\OneDrive\\Documentos\\Alura PHP\\api-series\\vendor\\laravel\\lumen-framework\\src\\Concerns\\RoutesRequests.php(389): Illuminate\\Container\\Container->call()
#24 C:\\Users\\claud\\OneDrive\\Documentos\\Alura PHP\\api-series\\vendor\\laravel\\lumen-framework\\src\\Concerns\\RoutesRequests.php(355): Laravel\\Lumen\\Application->callControllerCallable()
#25 C:\\Users\\claud\\OneDrive\\Documentos\\Alura PHP\\api-series\\vendor\\laravel\\lumen-framework\\src\\Concerns\\RoutesRequests.php(329): Laravel\\Lumen\\Application->callLumenController()
#26 C:\\Users\\claud\\OneDrive\\Documentos\\Alura PHP\\api-series\\vendor\\laravel\\lumen-framework\\src\\Concerns\\RoutesRequests.php(282): Laravel\\Lumen\\Application->callControllerAction()
#27 C:\\Users\\claud\\OneDrive\\Documentos\\Alura PHP\\api-series\\vendor\\laravel\\lumen-framework\\src\\Concerns\\RoutesRequests.php(267): Laravel\\Lumen\\Application->callActionOnArrayBasedRoute()
#28 C:\\Users\\claud\\OneDrive\\Documentos\\Alura PHP\\api-series\\vendor\\laravel\\lumen-framework\\src\\Concerns\\RoutesRequests.php(169): Laravel\\Lumen\\Application->handleFoundRoute()
#29 C:\\Users\\claud\\OneDrive\\Documentos\\Alura PHP\\api-series\\vendor\\laravel\\lumen-framework\\src\\Concerns\\RoutesRequests.php(429): Laravel\\Lumen\\Application->Laravel\\Lumen\\Concerns\\{closure}()
#30 C:\\Users\\claud\\OneDrive\\Documentos\\Alura PHP\\api-series\\vendor\\laravel\\lumen-framework\\src\\Concerns\\RoutesRequests.php(175): Laravel\\Lumen\\Application->sendThroughPipeline()
#31 C:\\Users\\claud\\OneDrive\\Documentos\\Alura PHP\\api-series\\vendor\\laravel\\lumen-framework\\src\\Concerns\\RoutesRequests.php(112): Laravel\\Lumen\\Application->dispatch()
#32 C:\\Users\\claud\\OneDrive\\Documentos\\Alura PHP\\api-series\\public\\index.php(28): Laravel\\Lumen\\Application->run()
#33 {main}
"} 
[2021-11-12 19:40:56] local.ERROR: SQLSTATE[23000]: Integrity constraint violation: 19 NOT NULL constraint failed: episodios.temporada (SQL: insert into "episodios" default values) {"exception":"[object] (Illuminate\\Database\\QueryException(code: 23000): SQLSTATE[23000]: Integrity constraint violation: 19 NOT NULL constraint failed: episodios.temporada (SQL: insert into \"episodios\" default values) at C:\\Users\\claud\\OneDrive\\Documentos\\Alura PHP\\api-series\\vendor\\illuminate\\database\\Connection.php:703)
[stacktrace]
#0 C:\\Users\\claud\\OneDrive\\Documentos\\Alura PHP\\api-series\\vendor\\illuminate\\database\\Connection.php(663): Illuminate\\Database\\Connection->runQueryCallback()
#1 C:\\Users\\claud\\OneDrive\\Documentos\\Alura PHP\\api-series\\vendor\\illuminate\\database\\Connection.php(493): Illuminate\\Database\\Connection->run()
#2 C:\\Users\\claud\\OneDrive\\Documentos\\Alura PHP\\api-series\\vendor\\illuminate\\database\\Connection.php(445): Illuminate\\Database\\Connection->statement()
#3 C:\\Users\\claud\\OneDrive\\Documentos\\Alura PHP\\api-series\\vendor\\illuminate\\database\\Query\\Processors\\Processor.php(32): Illuminate\\Database\\Connection->insert()
#4 C:\\Users\\claud\\OneDrive\\Documentos\\Alura PHP\\api-series\\vendor\\illuminate\\database\\Query\\Builder.php(2965): Illuminate\\Database\\Query\\Processors\\Processor->processInsertGetId()
#5 C:\\Users\\claud\\OneDrive\\Documentos\\Alura PHP\\api-series\\vendor\\illuminate\\database\\Eloquent\\Builder.php(1641): Illuminate\\Database\\Query\\Builder->insertGetId()
#6 C:\\Users\\claud\\OneDrive\\Documentos\\Alura PHP\\api-series\\vendor\\illuminate\\database\\Eloquent\\Model.php(1188): Illuminate\\Database\\Eloquent\\Builder->__call()
#7 C:\\Users\\claud\\OneDrive\\Documentos\\Alura PHP\\api-series\\vendor\\illuminate\\database\\Eloquent\\Model.php(1153): Illuminate\\Database\\Eloquent\\Model->insertAndSetId()
#8 C:\\Users\\claud\\OneDrive\\Documentos\\Alura PHP\\api-series\\vendor\\illuminate\\database\\Eloquent\\Model.php(994): Illuminate\\Database\\Eloquent\\Model->performInsert()
#9 C:\\Users\\claud\\OneDrive\\Documentos\\Alura PHP\\api-series\\vendor\\illuminate\\database\\Eloquent\\Builder.php(884): Illuminate\\Database\\Eloquent\\Model->save()
#10 C:\\Users\\claud\\OneDrive\\Documentos\\Alura PHP\\api-series\\vendor\\illuminate\\support\\helpers.php(263): Illuminate\\Database\\Eloquent\\Builder->Illuminate\\Database\\Eloquent\\{closure}()
#11 C:\\Users\\claud\\OneDrive\\Documentos\\Alura PHP\\api-series\\vendor\\illuminate\\database\\Eloquent\\Builder.php(885): tap()
#12 C:\\Users\\claud\\OneDrive\\Documentos\\Alura PHP\\api-series\\vendor\\illuminate\\support\\Traits\\ForwardsCalls.php(23): Illuminate\\Database\\Eloquent\\Builder->create()
#13 C:\\Users\\claud\\OneDrive\\Documentos\\Alura PHP\\api-series\\vendor\\illuminate\\database\\Eloquent\\Model.php(2117): Illuminate\\Database\\Eloquent\\Model->forwardCallTo()
#14 C:\\Users\\claud\\OneDrive\\Documentos\\Alura PHP\\api-series\\vendor\\illuminate\\database\\Eloquent\\Model.php(2129): Illuminate\\Database\\Eloquent\\Model->__call()
#15 C:\\Users\\claud\\OneDrive\\Documentos\\Alura PHP\\api-series\\app\\Http\\Controllers\\BaseController.php(17): Illuminate\\Database\\Eloquent\\Model::__callStatic()
#16 C:\\Users\\claud\\OneDrive\\Documentos\\Alura PHP\\api-series\\vendor\\illuminate\\container\\BoundMethod.php(36): App\\Http\\Controllers\\BaseController->store()
#17 C:\\Users\\claud\\OneDrive\\Documentos\\Alura PHP\\api-series\\vendor\\illuminate\\container\\Util.php(40): Illuminate\\Container\\BoundMethod::Illuminate\\Container\\{closure}()
#18 C:\\Users\\claud\\OneDrive\\Documentos\\Alura PHP\\api-series\\vendor\\illuminate\\container\\BoundMethod.php(93): Illuminate\\Container\\Util::unwrapIfClosure()
#19 C:\\Users\\claud\\OneDrive\\Documentos\\Alura PHP\\api-series\\vendor\\illuminate\\container\\BoundMethod.php(37): Illuminate\\Container\\BoundMethod::callBoundMethod()
#20 C:\\Users\\claud\\OneDrive\\Documentos\\Alura PHP\\api-series\\vendor\\illuminate\\container\\Container.php(653): Illuminate\\Container\\BoundMethod::call()
#21 C:\\Users\\claud\\OneDrive\\Documentos\\Alura PHP\\api-series\\vendor\\laravel\\lumen-framework\\src\\Concerns\\RoutesRequests.php(389): Illuminate\\Container\\Container->call()
#22 C:\\Users\\claud\\OneDrive\\Documentos\\Alura PHP\\api-series\\vendor\\laravel\\lumen-framework\\src\\Concerns\\RoutesRequests.php(355): Laravel\\Lumen\\Application->callControllerCallable()
#23 C:\\Users\\claud\\OneDrive\\Documentos\\Alura PHP\\api-series\\vendor\\laravel\\lumen-framework\\src\\Concerns\\RoutesRequests.php(329): Laravel\\Lumen\\Application->callLumenController()
#24 C:\\Users\\claud\\OneDrive\\Documentos\\Alura PHP\\api-series\\vendor\\laravel\\lumen-framework\\src\\Concerns\\RoutesRequests.php(282): Laravel\\Lumen\\Application->callControllerAction()
#25 C:\\Users\\claud\\OneDrive\\Documentos\\Alura PHP\\api-series\\vendor\\laravel\\lumen-framework\\src\\Concerns\\RoutesRequests.php(267): Laravel\\Lumen\\Application->callActionOnArrayBasedRoute()
#26 C:\\Users\\claud\\OneDrive\\Documentos\\Alura PHP\\api-series\\vendor\\laravel\\lumen-framework\\src\\Concerns\\RoutesRequests.php(169): Laravel\\Lumen\\Application->handleFoundRoute()
#27 C:\\Users\\claud\\OneDrive\\Documentos\\Alura PHP\\api-series\\vendor\\laravel\\lumen-framework\\src\\Concerns\\RoutesRequests.php(429): Laravel\\Lumen\\Application->Laravel\\Lumen\\Concerns\\{closure}()
#28 C:\\Users\\claud\\OneDrive\\Documentos\\Alura PHP\\api-series\\vendor\\laravel\\lumen-framework\\src\\Concerns\\RoutesRequests.php(175): Laravel\\Lumen\\Application->sendThroughPipeline()
#29 C:\\Users\\claud\\OneDrive\\Documentos\\Alura PHP\\api-series\\vendor\\laravel\\lumen-framework\\src\\Concerns\\RoutesRequests.php(112): Laravel\\Lumen\\Application->dispatch()
#30 C:\\Users\\claud\\OneDrive\\Documentos\\Alura PHP\\api-series\\public\\index.php(28): Laravel\\Lumen\\Application->run()
#31 {main}

[previous exception] [object] (PDOException(code: 23000): SQLSTATE[23000]: Integrity constraint violation: 19 NOT NULL constraint failed: episodios.temporada at C:\\Users\\claud\\OneDrive\\Documentos\\Alura PHP\\api-series\\vendor\\illuminate\\database\\Connection.php:492)
[stacktrace]
#0 C:\\Users\\claud\\OneDrive\\Documentos\\Alura PHP\\api-series\\vendor\\illuminate\\database\\Connection.php(492): PDOStatement->execute()
#1 C:\\Users\\claud\\OneDrive\\Documentos\\Alura PHP\\api-series\\vendor\\illuminate\\database\\Connection.php(696): Illuminate\\Database\\Connection->Illuminate\\Database\\{closure}()
#2 C:\\Users\\claud\\OneDrive\\Documentos\\Alura PHP\\api-series\\vendor\\illuminate\\database\\Connection.php(663): Illuminate\\Database\\Connection->runQueryCallback()
#3 C:\\Users\\claud\\OneDrive\\Documentos\\Alura PHP\\api-series\\vendor\\illuminate\\database\\Connection.php(493): Illuminate\\Database\\Connection->run()
#4 C:\\Users\\claud\\OneDrive\\Documentos\\Alura PHP\\api-series\\vendor\\illuminate\\database\\Connection.php(445): Illuminate\\Database\\Connection->statement()
#5 C:\\Users\\claud\\OneDrive\\Documentos\\Alura PHP\\api-series\\vendor\\illuminate\\database\\Query\\Processors\\Processor.php(32): Illuminate\\Database\\Connection->insert()
#6 C:\\Users\\claud\\OneDrive\\Documentos\\Alura PHP\\api-series\\vendor\\illuminate\\database\\Query\\Builder.php(2965): Illuminate\\Database\\Query\\Processors\\Processor->processInsertGetId()
#7 C:\\Users\\claud\\OneDrive\\Documentos\\Alura PHP\\api-series\\vendor\\illuminate\\database\\Eloquent\\Builder.php(1641): Illuminate\\Database\\Query\\Builder->insertGetId()
#8 C:\\Users\\claud\\OneDrive\\Documentos\\Alura PHP\\api-series\\vendor\\illuminate\\database\\Eloquent\\Model.php(1188): Illuminate\\Database\\Eloquent\\Builder->__call()
#9 C:\\Users\\claud\\OneDrive\\Documentos\\Alura PHP\\api-series\\vendor\\illuminate\\database\\Eloquent\\Model.php(1153): Illuminate\\Database\\Eloquent\\Model->insertAndSetId()
#10 C:\\Users\\claud\\OneDrive\\Documentos\\Alura PHP\\api-series\\vendor\\illuminate\\database\\Eloquent\\Model.php(994): Illuminate\\Database\\Eloquent\\Model->performInsert()
#11 C:\\Users\\claud\\OneDrive\\Documentos\\Alura PHP\\api-series\\vendor\\illuminate\\database\\Eloquent\\Builder.php(884): Illuminate\\Database\\Eloquent\\Model->save()
#12 C:\\Users\\claud\\OneDrive\\Documentos\\Alura PHP\\api-series\\vendor\\illuminate\\support\\helpers.php(263): Illuminate\\Database\\Eloquent\\Builder->Illuminate\\Database\\Eloquent\\{closure}()
#13 C:\\Users\\claud\\OneDrive\\Documentos\\Alura PHP\\api-series\\vendor\\illuminate\\database\\Eloquent\\Builder.php(885): tap()
#14 C:\\Users\\claud\\OneDrive\\Documentos\\Alura PHP\\api-series\\vendor\\illuminate\\support\\Traits\\ForwardsCalls.php(23): Illuminate\\Database\\Eloquent\\Builder->create()
#15 C:\\Users\\claud\\OneDrive\\Documentos\\Alura PHP\\api-series\\vendor\\illuminate\\database\\Eloquent\\Model.php(2117): Illuminate\\Database\\Eloquent\\Model->forwardCallTo()
#16 C:\\Users\\claud\\OneDrive\\Documentos\\Alura PHP\\api-series\\vendor\\illuminate\\database\\Eloquent\\Model.php(2129): Illuminate\\Database\\Eloquent\\Model->__call()
#17 C:\\Users\\claud\\OneDrive\\Documentos\\Alura PHP\\api-series\\app\\Http\\Controllers\\BaseController.php(17): Illuminate\\Database\\Eloquent\\Model::__callStatic()
#18 C:\\Users\\claud\\OneDrive\\Documentos\\Alura PHP\\api-series\\vendor\\illuminate\\container\\BoundMethod.php(36): App\\Http\\Controllers\\BaseController->store()
#19 C:\\Users\\claud\\OneDrive\\Documentos\\Alura PHP\\api-series\\vendor\\illuminate\\container\\Util.php(40): Illuminate\\Container\\BoundMethod::Illuminate\\Container\\{closure}()
#20 C:\\Users\\claud\\OneDrive\\Documentos\\Alura PHP\\api-series\\vendor\\illuminate\\container\\BoundMethod.php(93): Illuminate\\Container\\Util::unwrapIfClosure()
#21 C:\\Users\\claud\\OneDrive\\Documentos\\Alura PHP\\api-series\\vendor\\illuminate\\container\\BoundMethod.php(37): Illuminate\\Container\\BoundMethod::callBoundMethod()
#22 C:\\Users\\claud\\OneDrive\\Documentos\\Alura PHP\\api-series\\vendor\\illuminate\\container\\Container.php(653): Illuminate\\Container\\BoundMethod::call()
#23 C:\\Users\\claud\\OneDrive\\Documentos\\Alura PHP\\api-series\\vendor\\laravel\\lumen-framework\\src\\Concerns\\RoutesRequests.php(389): Illuminate\\Container\\Container->call()
#24 C:\\Users\\claud\\OneDrive\\Documentos\\Alura PHP\\api-series\\vendor\\laravel\\lumen-framework\\src\\Concerns\\RoutesRequests.php(355): Laravel\\Lumen\\Application->callControllerCallable()
#25 C:\\Users\\claud\\OneDrive\\Documentos\\Alura PHP\\api-series\\vendor\\laravel\\lumen-framework\\src\\Concerns\\RoutesRequests.php(329): Laravel\\Lumen\\Application->callLumenController()
#26 C:\\Users\\claud\\OneDrive\\Documentos\\Alura PHP\\api-series\\vendor\\laravel\\lumen-framework\\src\\Concerns\\RoutesRequests.php(282): Laravel\\Lumen\\Application->callControllerAction()
#27 C:\\Users\\claud\\OneDrive\\Documentos\\Alura PHP\\api-series\\vendor\\laravel\\lumen-framework\\src\\Concerns\\RoutesRequests.php(267): Laravel\\Lumen\\Application->callActionOnArrayBasedRoute()
#28 C:\\Users\\claud\\OneDrive\\Documentos\\Alura PHP\\api-series\\vendor\\laravel\\lumen-framework\\src\\Concerns\\RoutesRequests.php(169): Laravel\\Lumen\\Application->handleFoundRoute()
#29 C:\\Users\\claud\\OneDrive\\Documentos\\Alura PHP\\api-series\\vendor\\laravel\\lumen-framework\\src\\Concerns\\RoutesRequests.php(429): Laravel\\Lumen\\Application->Laravel\\Lumen\\Concerns\\{closure}()
#30 C:\\Users\\claud\\OneDrive\\Documentos\\Alura PHP\\api-series\\vendor\\laravel\\lumen-framework\\src\\Concerns\\RoutesRequests.php(175): Laravel\\Lumen\\Application->sendThroughPipeline()
#31 C:\\Users\\claud\\OneDrive\\Documentos\\Alura PHP\\api-series\\vendor\\laravel\\lumen-framework\\src\\Concerns\\RoutesRequests.php(112): Laravel\\Lumen\\Application->dispatch()
#32 C:\\Users\\claud\\OneDrive\\Documentos\\Alura PHP\\api-series\\public\\index.php(28): Laravel\\Lumen\\Application->run()
#33 {main}
"} 
[2021-11-12 19:44:45] local.ERROR: SQLSTATE[23000]: Integrity constraint violation: 19 NOT NULL constraint failed: episodios.temporada (SQL: insert into "episodios" default values) {"exception":"[object] (Illuminate\\Database\\QueryException(code: 23000): SQLSTATE[23000]: Integrity constraint violation: 19 NOT NULL constraint failed: episodios.temporada (SQL: insert into \"episodios\" default values) at C:\\Users\\claud\\OneDrive\\Documentos\\Alura PHP\\api-series\\vendor\\illuminate\\database\\Connection.php:703)
[stacktrace]
#0 C:\\Users\\claud\\OneDrive\\Documentos\\Alura PHP\\api-series\\vendor\\illuminate\\database\\Connection.php(663): Illuminate\\Database\\Connection->runQueryCallback()
#1 C:\\Users\\claud\\OneDrive\\Documentos\\Alura PHP\\api-series\\vendor\\illuminate\\database\\Connection.php(493): Illuminate\\Database\\Connection->run()
#2 C:\\Users\\claud\\OneDrive\\Documentos\\Alura PHP\\api-series\\vendor\\illuminate\\database\\Connection.php(445): Illuminate\\Database\\Connection->statement()
#3 C:\\Users\\claud\\OneDrive\\Documentos\\Alura PHP\\api-series\\vendor\\illuminate\\database\\Query\\Processors\\Processor.php(32): Illuminate\\Database\\Connection->insert()
#4 C:\\Users\\claud\\OneDrive\\Documentos\\Alura PHP\\api-series\\vendor\\illuminate\\database\\Query\\Builder.php(2965): Illuminate\\Database\\Query\\Processors\\Processor->processInsertGetId()
#5 C:\\Users\\claud\\OneDrive\\Documentos\\Alura PHP\\api-series\\vendor\\illuminate\\database\\Eloquent\\Builder.php(1641): Illuminate\\Database\\Query\\Builder->insertGetId()
#6 C:\\Users\\claud\\OneDrive\\Documentos\\Alura PHP\\api-series\\vendor\\illuminate\\database\\Eloquent\\Model.php(1188): Illuminate\\Database\\Eloquent\\Builder->__call()
#7 C:\\Users\\claud\\OneDrive\\Documentos\\Alura PHP\\api-series\\vendor\\illuminate\\database\\Eloquent\\Model.php(1153): Illuminate\\Database\\Eloquent\\Model->insertAndSetId()
#8 C:\\Users\\claud\\OneDrive\\Documentos\\Alura PHP\\api-series\\vendor\\illuminate\\database\\Eloquent\\Model.php(994): Illuminate\\Database\\Eloquent\\Model->performInsert()
#9 C:\\Users\\claud\\OneDrive\\Documentos\\Alura PHP\\api-series\\vendor\\illuminate\\database\\Eloquent\\Builder.php(884): Illuminate\\Database\\Eloquent\\Model->save()
#10 C:\\Users\\claud\\OneDrive\\Documentos\\Alura PHP\\api-series\\vendor\\illuminate\\support\\helpers.php(263): Illuminate\\Database\\Eloquent\\Builder->Illuminate\\Database\\Eloquent\\{closure}()
#11 C:\\Users\\claud\\OneDrive\\Documentos\\Alura PHP\\api-series\\vendor\\illuminate\\database\\Eloquent\\Builder.php(885): tap()
#12 C:\\Users\\claud\\OneDrive\\Documentos\\Alura PHP\\api-series\\vendor\\illuminate\\support\\Traits\\ForwardsCalls.php(23): Illuminate\\Database\\Eloquent\\Builder->create()
#13 C:\\Users\\claud\\OneDrive\\Documentos\\Alura PHP\\api-series\\vendor\\illuminate\\database\\Eloquent\\Model.php(2117): Illuminate\\Database\\Eloquent\\Model->forwardCallTo()
#14 C:\\Users\\claud\\OneDrive\\Documentos\\Alura PHP\\api-series\\vendor\\illuminate\\database\\Eloquent\\Model.php(2129): Illuminate\\Database\\Eloquent\\Model->__call()
#15 C:\\Users\\claud\\OneDrive\\Documentos\\Alura PHP\\api-series\\app\\Http\\Controllers\\BaseController.php(17): Illuminate\\Database\\Eloquent\\Model::__callStatic()
#16 C:\\Users\\claud\\OneDrive\\Documentos\\Alura PHP\\api-series\\vendor\\illuminate\\container\\BoundMethod.php(36): App\\Http\\Controllers\\BaseController->store()
#17 C:\\Users\\claud\\OneDrive\\Documentos\\Alura PHP\\api-series\\vendor\\illuminate\\container\\Util.php(40): Illuminate\\Container\\BoundMethod::Illuminate\\Container\\{closure}()
#18 C:\\Users\\claud\\OneDrive\\Documentos\\Alura PHP\\api-series\\vendor\\illuminate\\container\\BoundMethod.php(93): Illuminate\\Container\\Util::unwrapIfClosure()
#19 C:\\Users\\claud\\OneDrive\\Documentos\\Alura PHP\\api-series\\vendor\\illuminate\\container\\BoundMethod.php(37): Illuminate\\Container\\BoundMethod::callBoundMethod()
#20 C:\\Users\\claud\\OneDrive\\Documentos\\Alura PHP\\api-series\\vendor\\illuminate\\container\\Container.php(653): Illuminate\\Container\\BoundMethod::call()
#21 C:\\Users\\claud\\OneDrive\\Documentos\\Alura PHP\\api-series\\vendor\\laravel\\lumen-framework\\src\\Concerns\\RoutesRequests.php(389): Illuminate\\Container\\Container->call()
#22 C:\\Users\\claud\\OneDrive\\Documentos\\Alura PHP\\api-series\\vendor\\laravel\\lumen-framework\\src\\Concerns\\RoutesRequests.php(355): Laravel\\Lumen\\Application->callControllerCallable()
#23 C:\\Users\\claud\\OneDrive\\Documentos\\Alura PHP\\api-series\\vendor\\laravel\\lumen-framework\\src\\Concerns\\RoutesRequests.php(329): Laravel\\Lumen\\Application->callLumenController()
#24 C:\\Users\\claud\\OneDrive\\Documentos\\Alura PHP\\api-series\\vendor\\laravel\\lumen-framework\\src\\Concerns\\RoutesRequests.php(282): Laravel\\Lumen\\Application->callControllerAction()
#25 C:\\Users\\claud\\OneDrive\\Documentos\\Alura PHP\\api-series\\vendor\\laravel\\lumen-framework\\src\\Concerns\\RoutesRequests.php(267): Laravel\\Lumen\\Application->callActionOnArrayBasedRoute()
#26 C:\\Users\\claud\\OneDrive\\Documentos\\Alura PHP\\api-series\\vendor\\laravel\\lumen-framework\\src\\Concerns\\RoutesRequests.php(169): Laravel\\Lumen\\Application->handleFoundRoute()
#27 C:\\Users\\claud\\OneDrive\\Documentos\\Alura PHP\\api-series\\vendor\\laravel\\lumen-framework\\src\\Concerns\\RoutesRequests.php(429): Laravel\\Lumen\\Application->Laravel\\Lumen\\Concerns\\{closure}()
#28 C:\\Users\\claud\\OneDrive\\Documentos\\Alura PHP\\api-series\\vendor\\laravel\\lumen-framework\\src\\Concerns\\RoutesRequests.php(175): Laravel\\Lumen\\Application->sendThroughPipeline()
#29 C:\\Users\\claud\\OneDrive\\Documentos\\Alura PHP\\api-series\\vendor\\laravel\\lumen-framework\\src\\Concerns\\RoutesRequests.php(112): Laravel\\Lumen\\Application->dispatch()
#30 C:\\Users\\claud\\OneDrive\\Documentos\\Alura PHP\\api-series\\public\\index.php(28): Laravel\\Lumen\\Application->run()
#31 {main}

[previous exception] [object] (PDOException(code: 23000): SQLSTATE[23000]: Integrity constraint violation: 19 NOT NULL constraint failed: episodios.temporada at C:\\Users\\claud\\OneDrive\\Documentos\\Alura PHP\\api-series\\vendor\\illuminate\\database\\Connection.php:492)
[stacktrace]
#0 C:\\Users\\claud\\OneDrive\\Documentos\\Alura PHP\\api-series\\vendor\\illuminate\\database\\Connection.php(492): PDOStatement->execute()
#1 C:\\Users\\claud\\OneDrive\\Documentos\\Alura PHP\\api-series\\vendor\\illuminate\\database\\Connection.php(696): Illuminate\\Database\\Connection->Illuminate\\Database\\{closure}()
#2 C:\\Users\\claud\\OneDrive\\Documentos\\Alura PHP\\api-series\\vendor\\illuminate\\database\\Connection.php(663): Illuminate\\Database\\Connection->runQueryCallback()
#3 C:\\Users\\claud\\OneDrive\\Documentos\\Alura PHP\\api-series\\vendor\\illuminate\\database\\Connection.php(493): Illuminate\\Database\\Connection->run()
#4 C:\\Users\\claud\\OneDrive\\Documentos\\Alura PHP\\api-series\\vendor\\illuminate\\database\\Connection.php(445): Illuminate\\Database\\Connection->statement()
#5 C:\\Users\\claud\\OneDrive\\Documentos\\Alura PHP\\api-series\\vendor\\illuminate\\database\\Query\\Processors\\Processor.php(32): Illuminate\\Database\\Connection->insert()
#6 C:\\Users\\claud\\OneDrive\\Documentos\\Alura PHP\\api-series\\vendor\\illuminate\\database\\Query\\Builder.php(2965): Illuminate\\Database\\Query\\Processors\\Processor->processInsertGetId()
#7 C:\\Users\\claud\\OneDrive\\Documentos\\Alura PHP\\api-series\\vendor\\illuminate\\database\\Eloquent\\Builder.php(1641): Illuminate\\Database\\Query\\Builder->insertGetId()
#8 C:\\Users\\claud\\OneDrive\\Documentos\\Alura PHP\\api-series\\vendor\\illuminate\\database\\Eloquent\\Model.php(1188): Illuminate\\Database\\Eloquent\\Builder->__call()
#9 C:\\Users\\claud\\OneDrive\\Documentos\\Alura PHP\\api-series\\vendor\\illuminate\\database\\Eloquent\\Model.php(1153): Illuminate\\Database\\Eloquent\\Model->insertAndSetId()
#10 C:\\Users\\claud\\OneDrive\\Documentos\\Alura PHP\\api-series\\vendor\\illuminate\\database\\Eloquent\\Model.php(994): Illuminate\\Database\\Eloquent\\Model->performInsert()
#11 C:\\Users\\claud\\OneDrive\\Documentos\\Alura PHP\\api-series\\vendor\\illuminate\\database\\Eloquent\\Builder.php(884): Illuminate\\Database\\Eloquent\\Model->save()
#12 C:\\Users\\claud\\OneDrive\\Documentos\\Alura PHP\\api-series\\vendor\\illuminate\\support\\helpers.php(263): Illuminate\\Database\\Eloquent\\Builder->Illuminate\\Database\\Eloquent\\{closure}()
#13 C:\\Users\\claud\\OneDrive\\Documentos\\Alura PHP\\api-series\\vendor\\illuminate\\database\\Eloquent\\Builder.php(885): tap()
#14 C:\\Users\\claud\\OneDrive\\Documentos\\Alura PHP\\api-series\\vendor\\illuminate\\support\\Traits\\ForwardsCalls.php(23): Illuminate\\Database\\Eloquent\\Builder->create()
#15 C:\\Users\\claud\\OneDrive\\Documentos\\Alura PHP\\api-series\\vendor\\illuminate\\database\\Eloquent\\Model.php(2117): Illuminate\\Database\\Eloquent\\Model->forwardCallTo()
#16 C:\\Users\\claud\\OneDrive\\Documentos\\Alura PHP\\api-series\\vendor\\illuminate\\database\\Eloquent\\Model.php(2129): Illuminate\\Database\\Eloquent\\Model->__call()
#17 C:\\Users\\claud\\OneDrive\\Documentos\\Alura PHP\\api-series\\app\\Http\\Controllers\\BaseController.php(17): Illuminate\\Database\\Eloquent\\Model::__callStatic()
#18 C:\\Users\\claud\\OneDrive\\Documentos\\Alura PHP\\api-series\\vendor\\illuminate\\container\\BoundMethod.php(36): App\\Http\\Controllers\\BaseController->store()
#19 C:\\Users\\claud\\OneDrive\\Documentos\\Alura PHP\\api-series\\vendor\\illuminate\\container\\Util.php(40): Illuminate\\Container\\BoundMethod::Illuminate\\Container\\{closure}()
#20 C:\\Users\\claud\\OneDrive\\Documentos\\Alura PHP\\api-series\\vendor\\illuminate\\container\\BoundMethod.php(93): Illuminate\\Container\\Util::unwrapIfClosure()
#21 C:\\Users\\claud\\OneDrive\\Documentos\\Alura PHP\\api-series\\vendor\\illuminate\\container\\BoundMethod.php(37): Illuminate\\Container\\BoundMethod::callBoundMethod()
#22 C:\\Users\\claud\\OneDrive\\Documentos\\Alura PHP\\api-series\\vendor\\illuminate\\container\\Container.php(653): Illuminate\\Container\\BoundMethod::call()
#23 C:\\Users\\claud\\OneDrive\\Documentos\\Alura PHP\\api-series\\vendor\\laravel\\lumen-framework\\src\\Concerns\\RoutesRequests.php(389): Illuminate\\Container\\Container->call()
#24 C:\\Users\\claud\\OneDrive\\Documentos\\Alura PHP\\api-series\\vendor\\laravel\\lumen-framework\\src\\Concerns\\RoutesRequests.php(355): Laravel\\Lumen\\Application->callControllerCallable()
#25 C:\\Users\\claud\\OneDrive\\Documentos\\Alura PHP\\api-series\\vendor\\laravel\\lumen-framework\\src\\Concerns\\RoutesRequests.php(329): Laravel\\Lumen\\Application->callLumenController()
#26 C:\\Users\\claud\\OneDrive\\Documentos\\Alura PHP\\api-series\\vendor\\laravel\\lumen-framework\\src\\Concerns\\RoutesRequests.php(282): Laravel\\Lumen\\Application->callControllerAction()
#27 C:\\Users\\claud\\OneDrive\\Documentos\\Alura PHP\\api-series\\vendor\\laravel\\lumen-framework\\src\\Concerns\\RoutesRequests.php(267): Laravel\\Lumen\\Application->callActionOnArrayBasedRoute()
#28 C:\\Users\\claud\\OneDrive\\Documentos\\Alura PHP\\api-series\\vendor\\laravel\\lumen-framework\\src\\Concerns\\RoutesRequests.php(169): Laravel\\Lumen\\Application->handleFoundRoute()
#29 C:\\Users\\claud\\OneDrive\\Documentos\\Alura PHP\\api-series\\vendor\\laravel\\lumen-framework\\src\\Concerns\\RoutesRequests.php(429): Laravel\\Lumen\\Application->Laravel\\Lumen\\Concerns\\{closure}()
#30 C:\\Users\\claud\\OneDrive\\Documentos\\Alura PHP\\api-series\\vendor\\laravel\\lumen-framework\\src\\Concerns\\RoutesRequests.php(175): Laravel\\Lumen\\Application->sendThroughPipeline()
#31 C:\\Users\\claud\\OneDrive\\Documentos\\Alura PHP\\api-series\\vendor\\laravel\\lumen-framework\\src\\Concerns\\RoutesRequests.php(112): Laravel\\Lumen\\Application->dispatch()
#32 C:\\Users\\claud\\OneDrive\\Documentos\\Alura PHP\\api-series\\public\\index.php(28): Laravel\\Lumen\\Application->run()
#33 {main}
"} 
